{"/Users/jimmy/Desktop/projects/holywater-test/frontend/src/App.tsx": {"path":"/Users/jimmy/Desktop/projects/holywater-test/frontend/src/App.tsx","statementMap":{"0":{"start":{"line":1,"column":0},"end":{"line":1,"column":45}},"1":{"start":{"line":2,"column":0},"end":{"line":2,"column":48}},"2":{"start":{"line":3,"column":0},"end":{"line":3,"column":47}},"3":{"start":{"line":4,"column":0},"end":{"line":4,"column":37}},"4":{"start":{"line":6,"column":0},"end":{"line":6,"column":49}},"5":{"start":{"line":8,"column":12},"end":{"line":16,"column":1}},"6":{"start":{"line":9,"column":2},"end":{"line":15,"column":4}},"7":{"start":{"line":18,"column":0},"end":{"line":18,"column":19}}},"fnMap":{"0":{"name":"(anonymous_1)","decl":{"start":{"line":8,"column":12},"end":{"line":8,"column":15}},"loc":{"start":{"line":8,"column":17},"end":{"line":16,"column":1}}}},"branchMap":{},"s":{"0":0,"1":0,"2":0,"3":0,"4":0,"5":0,"6":0,"7":0},"f":{"0":0},"b":{}}
,"/Users/jimmy/Desktop/projects/holywater-test/frontend/src/components/builder/BuilderToolbar.tsx": {"path":"/Users/jimmy/Desktop/projects/holywater-test/frontend/src/components/builder/BuilderToolbar.tsx","statementMap":{"0":{"start":{"line":1,"column":0},"end":{"line":1,"column":43}},"1":{"start":{"line":2,"column":0},"end":{"line":2,"column":41}},"2":{"start":{"line":3,"column":0},"end":{"line":3,"column":41}},"3":{"start":{"line":4,"column":0},"end":{"line":4,"column":90}},"4":{"start":{"line":5,"column":0},"end":{"line":5,"column":37}},"5":{"start":{"line":7,"column":0},"end":{"line":7,"column":33}},"6":{"start":{"line":8,"column":0},"end":{"line":8,"column":40}},"7":{"start":{"line":19,"column":23},"end":{"line":352,"column":1}},"8":{"start":{"line":49,"column":6},"end":{"line":60,"column":4}},"9":{"start":{"line":63,"column":50},"end":{"line":63,"column":65}},"10":{"start":{"line":65,"column":27},"end":{"line":67,"column":3}},"11":{"start":{"line":66,"column":4},"end":{"line":66,"column":43}},"12":{"start":{"line":69,"column":2},"end":{"line":351,"column":4}},"13":{"start":{"line":83,"column":27},"end":{"line":83,"column":61}},"14":{"start":{"line":166,"column":18},"end":{"line":166,"column":35}},"15":{"start":{"line":167,"column":18},"end":{"line":167,"column":45}},"16":{"start":{"line":177,"column":18},"end":{"line":177,"column":34}},"17":{"start":{"line":178,"column":18},"end":{"line":178,"column":45}},"18":{"start":{"line":188,"column":18},"end":{"line":188,"column":32}},"19":{"start":{"line":189,"column":18},"end":{"line":189,"column":45}},"20":{"start":{"line":200,"column":20},"end":{"line":200,"column":36}},"21":{"start":{"line":201,"column":20},"end":{"line":201,"column":47}},"22":{"start":{"line":212,"column":18},"end":{"line":212,"column":29}},"23":{"start":{"line":213,"column":18},"end":{"line":213,"column":45}},"24":{"start":{"line":228,"column":20},"end":{"line":228,"column":39}},"25":{"start":{"line":229,"column":20},"end":{"line":229,"column":47}},"26":{"start":{"line":242,"column":18},"end":{"line":242,"column":36}},"27":{"start":{"line":243,"column":18},"end":{"line":243,"column":45}},"28":{"start":{"line":275,"column":29},"end":{"line":275,"column":61}},"29":{"start":{"line":320,"column":39},"end":{"line":345,"column":16}},"30":{"start":{"line":326,"column":33},"end":{"line":326,"column":75}},"31":{"start":{"line":354,"column":0},"end":{"line":354,"column":30}}},"fnMap":{"0":{"name":"(anonymous_1)","decl":{"start":{"line":19,"column":23},"end":{"line":19,"column":24}},"loc":{"start":{"line":35,"column":26},"end":{"line":352,"column":1}}},"1":{"name":"(anonymous_2)","decl":{"start":{"line":65,"column":27},"end":{"line":65,"column":30}},"loc":{"start":{"line":65,"column":32},"end":{"line":67,"column":3}}},"2":{"name":"(anonymous_3)","decl":{"start":{"line":83,"column":20},"end":{"line":83,"column":21}},"loc":{"start":{"line":83,"column":27},"end":{"line":83,"column":61}}},"3":{"name":"(anonymous_4)","decl":{"start":{"line":165,"column":25},"end":{"line":165,"column":28}},"loc":{"start":{"line":165,"column":30},"end":{"line":168,"column":17}}},"4":{"name":"(anonymous_5)","decl":{"start":{"line":176,"column":25},"end":{"line":176,"column":28}},"loc":{"start":{"line":176,"column":30},"end":{"line":179,"column":17}}},"5":{"name":"(anonymous_6)","decl":{"start":{"line":187,"column":25},"end":{"line":187,"column":28}},"loc":{"start":{"line":187,"column":30},"end":{"line":190,"column":17}}},"6":{"name":"(anonymous_7)","decl":{"start":{"line":199,"column":27},"end":{"line":199,"column":30}},"loc":{"start":{"line":199,"column":32},"end":{"line":202,"column":19}}},"7":{"name":"(anonymous_8)","decl":{"start":{"line":211,"column":25},"end":{"line":211,"column":28}},"loc":{"start":{"line":211,"column":30},"end":{"line":214,"column":17}}},"8":{"name":"(anonymous_9)","decl":{"start":{"line":227,"column":27},"end":{"line":227,"column":30}},"loc":{"start":{"line":227,"column":32},"end":{"line":230,"column":19}}},"9":{"name":"(anonymous_10)","decl":{"start":{"line":241,"column":25},"end":{"line":241,"column":28}},"loc":{"start":{"line":241,"column":30},"end":{"line":244,"column":17}}},"10":{"name":"(anonymous_11)","decl":{"start":{"line":275,"column":22},"end":{"line":275,"column":23}},"loc":{"start":{"line":275,"column":29},"end":{"line":275,"column":61}}},"11":{"name":"(anonymous_12)","decl":{"start":{"line":320,"column":27},"end":{"line":320,"column":28}},"loc":{"start":{"line":320,"column":38},"end":{"line":345,"column":16}}},"12":{"name":"(anonymous_13)","decl":{"start":{"line":326,"column":27},"end":{"line":326,"column":30}},"loc":{"start":{"line":326,"column":33},"end":{"line":326,"column":75}}}},"branchMap":{"0":{"loc":{"start":{"line":30,"column":2},"end":{"line":30,"column":17}},"type":"default-arg","locations":[{"start":{"line":30,"column":12},"end":{"line":30,"column":17}}]},"1":{"loc":{"start":{"line":31,"column":2},"end":{"line":31,"column":31}},"type":"default-arg","locations":[{"start":{"line":31,"column":26},"end":{"line":31,"column":31}}]},"2":{"loc":{"start":{"line":84,"column":20},"end":{"line":84,"column":47}},"type":"binary-expr","locations":[{"start":{"line":84,"column":20},"end":{"line":84,"column":27}},{"start":{"line":84,"column":31},"end":{"line":84,"column":47}}]},"3":{"loc":{"start":{"line":91,"column":11},"end":{"line":97,"column":null}},"type":"cond-expr","locations":[{"start":{"line":92,"column":12},"end":{"line":93,"column":null}},{"start":{"line":97,"column":12},"end":{"line":97,"column":22}}]},"4":{"loc":{"start":{"line":109,"column":9},"end":{"line":117,"column":null}},"type":"binary-expr","locations":[{"start":{"line":109,"column":9},"end":{"line":109,"column":22}},{"start":{"line":110,"column":10},"end":{"line":114,"column":null}}]},"5":{"loc":{"start":{"line":122,"column":9},"end":{"line":134,"column":null}},"type":"binary-expr","locations":[{"start":{"line":122,"column":9},"end":{"line":122,"column":25}},{"start":{"line":123,"column":10},"end":{"line":133,"column":null}}]},"6":{"loc":{"start":{"line":124,"column":21},"end":{"line":124,"column":66}},"type":"cond-expr","locations":[{"start":{"line":124,"column":45},"end":{"line":124,"column":54}},{"start":{"line":124,"column":57},"end":{"line":124,"column":66}}]},"7":{"loc":{"start":{"line":126,"column":22},"end":{"line":126,"column":54}},"type":"binary-expr","locations":[{"start":{"line":126,"column":22},"end":{"line":126,"column":29}},{"start":{"line":126,"column":33},"end":{"line":126,"column":54}}]},"8":{"loc":{"start":{"line":128,"column":14},"end":{"line":130,"column":52}},"type":"cond-expr","locations":[{"start":{"line":129,"column":18},"end":{"line":129,"column":47}},{"start":{"line":130,"column":18},"end":{"line":130,"column":52}}]},"9":{"loc":{"start":{"line":133,"column":13},"end":{"line":133,"column":61}},"type":"cond-expr","locations":[{"start":{"line":133,"column":37},"end":{"line":133,"column":46}},{"start":{"line":133,"column":49},"end":{"line":133,"column":61}}]},"10":{"loc":{"start":{"line":137,"column":19},"end":{"line":137,"column":56}},"type":"cond-expr","locations":[{"start":{"line":137,"column":35},"end":{"line":137,"column":44}},{"start":{"line":137,"column":47},"end":{"line":137,"column":56}}]},"11":{"loc":{"start":{"line":141,"column":11},"end":{"line":141,"column":61}},"type":"cond-expr","locations":[{"start":{"line":141,"column":27},"end":{"line":141,"column":37}},{"start":{"line":141,"column":40},"end":{"line":141,"column":61}}]},"12":{"loc":{"start":{"line":148,"column":11},"end":{"line":154,"column":null}},"type":"cond-expr","locations":[{"start":{"line":149,"column":12},"end":{"line":151,"column":null}},{"start":{"line":154,"column":12},"end":{"line":154,"column":22}}]},"13":{"loc":{"start":{"line":160,"column":9},"end":{"line":250,"column":null}},"type":"binary-expr","locations":[{"start":{"line":160,"column":9},"end":{"line":160,"column":25}},{"start":{"line":161,"column":10},"end":{"line":249,"column":null}}]},"14":{"loc":{"start":{"line":196,"column":15},"end":{"line":206,"column":null}},"type":"binary-expr","locations":[{"start":{"line":196,"column":15},"end":{"line":196,"column":28}},{"start":{"line":197,"column":16},"end":{"line":203,"column":null}}]},"15":{"loc":{"start":{"line":220,"column":15},"end":{"line":234,"column":null}},"type":"binary-expr","locations":[{"start":{"line":220,"column":15},"end":{"line":220,"column":31}},{"start":{"line":221,"column":16},"end":{"line":233,"column":null}}]},"16":{"loc":{"start":{"line":223,"column":20},"end":{"line":225,"column":null}},"type":"cond-expr","locations":[{"start":{"line":224,"column":24},"end":{"line":224,"column":53}},{"start":{"line":225,"column":24},"end":{"line":225,"column":null}}]},"17":{"loc":{"start":{"line":231,"column":28},"end":{"line":231,"column":60}},"type":"binary-expr","locations":[{"start":{"line":231,"column":28},"end":{"line":231,"column":35}},{"start":{"line":231,"column":39},"end":{"line":231,"column":60}}]},"18":{"loc":{"start":{"line":233,"column":19},"end":{"line":233,"column":69}},"type":"cond-expr","locations":[{"start":{"line":233,"column":43},"end":{"line":233,"column":54}},{"start":{"line":233,"column":57},"end":{"line":233,"column":69}}]},"19":{"loc":{"start":{"line":239,"column":18},"end":{"line":239,"column":null}},"type":"cond-expr","locations":[{"start":{"line":239,"column":34},"end":{"line":239,"column":61}},{"start":{"line":239,"column":64},"end":{"line":239,"column":null}}]},"20":{"loc":{"start":{"line":247,"column":17},"end":{"line":247,"column":81}},"type":"cond-expr","locations":[{"start":{"line":247,"column":33},"end":{"line":247,"column":57}},{"start":{"line":247,"column":60},"end":{"line":247,"column":81}}]},"21":{"loc":{"start":{"line":264,"column":15},"end":{"line":264,"column":61}},"type":"cond-expr","locations":[{"start":{"line":264,"column":34},"end":{"line":264,"column":48}},{"start":{"line":264,"column":51},"end":{"line":264,"column":61}}]},"22":{"loc":{"start":{"line":291,"column":13},"end":{"line":294,"column":null}},"type":"binary-expr","locations":[{"start":{"line":291,"column":13},"end":{"line":291,"column":31}},{"start":{"line":292,"column":14},"end":{"line":292,"column":null}}]},"23":{"loc":{"start":{"line":300,"column":11},"end":{"line":303,"column":null}},"type":"binary-expr","locations":[{"start":{"line":300,"column":11},"end":{"line":300,"column":18}},{"start":{"line":301,"column":12},"end":{"line":302,"column":null}}]},"24":{"loc":{"start":{"line":311,"column":11},"end":{"line":346,"column":null}},"type":"cond-expr","locations":[{"start":{"line":312,"column":12},"end":{"line":316,"column":null}},{"start":{"line":319,"column":12},"end":{"line":345,"column":null}}]},"25":{"loc":{"start":{"line":324,"column":20},"end":{"line":324,"column":null}},"type":"cond-expr","locations":[{"start":{"line":324,"column":38},"end":{"line":324,"column":68}},{"start":{"line":324,"column":71},"end":{"line":324,"column":null}}]},"26":{"loc":{"start":{"line":326,"column":33},"end":{"line":326,"column":75}},"type":"binary-expr","locations":[{"start":{"line":326,"column":33},"end":{"line":326,"column":41}},{"start":{"line":326,"column":45},"end":{"line":326,"column":75}}]},"27":{"loc":{"start":{"line":336,"column":35},"end":{"line":336,"column":63}},"type":"binary-expr","locations":[{"start":{"line":336,"column":35},"end":{"line":336,"column":58}},{"start":{"line":336,"column":62},"end":{"line":336,"column":63}}]},"28":{"loc":{"start":{"line":336,"column":35},"end":{"line":336,"column":58}},"type":"cond-expr","locations":[{"start":{"line":336,"column":50},"end":{"line":336,"column":52}},{"start":{"line":336,"column":50},"end":{"line":336,"column":58}}]},"29":{"loc":{"start":{"line":336,"column":35},"end":{"line":336,"column":52}},"type":"binary-expr","locations":[{"start":{"line":336,"column":35},"end":{"line":336,"column":52}},{"start":{"line":336,"column":50},"end":{"line":336,"column":52}}]},"30":{"loc":{"start":{"line":338,"column":25},"end":{"line":339,"column":null}},"type":"binary-expr","locations":[{"start":{"line":338,"column":25},"end":{"line":338,"column":40}},{"start":{"line":339,"column":26},"end":{"line":339,"column":87}}]}},"s":{"0":0,"1":0,"2":0,"3":0,"4":0,"5":0,"6":0,"7":0,"8":0,"9":0,"10":0,"11":0,"12":0,"13":0,"14":0,"15":0,"16":0,"17":0,"18":0,"19":0,"20":0,"21":0,"22":0,"23":0,"24":0,"25":0,"26":0,"27":0,"28":0,"29":0,"30":0,"31":0},"f":{"0":0,"1":0,"2":0,"3":0,"4":0,"5":0,"6":0,"7":0,"8":0,"9":0,"10":0,"11":0,"12":0},"b":{"0":[0],"1":[0],"2":[0,0],"3":[0,0],"4":[0,0],"5":[0,0],"6":[0,0],"7":[0,0],"8":[0,0],"9":[0,0],"10":[0,0],"11":[0,0],"12":[0,0],"13":[0,0],"14":[0,0],"15":[0,0],"16":[0,0],"17":[0,0],"18":[0,0],"19":[0,0],"20":[0,0],"21":[0,0],"22":[0,0],"23":[0,0],"24":[0,0],"25":[0,0],"26":[0,0],"27":[0,0],"28":[0,0],"29":[0,0],"30":[0,0]}}
,"/Users/jimmy/Desktop/projects/holywater-test/frontend/src/components/builder/ButtonItem.tsx": {"path":"/Users/jimmy/Desktop/projects/holywater-test/frontend/src/components/builder/ButtonItem.tsx","statementMap":{"0":{"start":{"line":2,"column":26},"end":{"line":3,"column":null}},"1":{"start":{"line":3,"column":2},"end":{"line":3,"column":84}},"2":{"start":{"line":2,"column":13},"end":{"line":2,"column":26}}},"fnMap":{"0":{"name":"(anonymous_0)","decl":{"start":{"line":2,"column":26},"end":{"line":2,"column":27}},"loc":{"start":{"line":3,"column":2},"end":{"line":3,"column":84}}}},"branchMap":{"0":{"loc":{"start":{"line":3,"column":46},"end":{"line":3,"column":74}},"type":"binary-expr","locations":[{"start":{"line":3,"column":46},"end":{"line":3,"column":51}},{"start":{"line":3,"column":55},"end":{"line":3,"column":74}}]}},"s":{"0":0,"1":0,"2":0},"f":{"0":0},"b":{"0":[0,0]}}
,"/Users/jimmy/Desktop/projects/holywater-test/frontend/src/components/builder/CategoryItem.tsx": {"path":"/Users/jimmy/Desktop/projects/holywater-test/frontend/src/components/builder/CategoryItem.tsx","statementMap":{"0":{"start":{"line":2,"column":28},"end":{"line":41,"column":null}},"1":{"start":{"line":11,"column":2},"end":{"line":40,"column":null}},"2":{"start":{"line":21,"column":14},"end":{"line":21,"column":63}},"3":{"start":{"line":22,"column":15},"end":{"line":23,"column":67}},"4":{"start":{"line":2,"column":13},"end":{"line":2,"column":28}}},"fnMap":{"0":{"name":"(anonymous_0)","decl":{"start":{"line":2,"column":28},"end":{"line":2,"column":29}},"loc":{"start":{"line":11,"column":2},"end":{"line":40,"column":null}}},"1":{"name":"(anonymous_1)","decl":{"start":{"line":20,"column":21},"end":{"line":20,"column":22}},"loc":{"start":{"line":20,"column":27},"end":{"line":24,"column":13}}}},"branchMap":{"0":{"loc":{"start":{"line":14,"column":9},"end":{"line":29,"column":null}},"type":"cond-expr","locations":[{"start":{"line":15,"column":10},"end":{"line":24,"column":null}},{"start":{"line":27,"column":10},"end":{"line":28,"column":null}}]},"1":{"loc":{"start":{"line":17,"column":17},"end":{"line":17,"column":36}},"type":"binary-expr","locations":[{"start":{"line":17,"column":17},"end":{"line":17,"column":22}},{"start":{"line":17,"column":26},"end":{"line":17,"column":36}}]},"2":{"loc":{"start":{"line":32,"column":7},"end":{"line":35,"column":null}},"type":"binary-expr","locations":[{"start":{"line":32,"column":7},"end":{"line":32,"column":11}},{"start":{"line":32,"column":15},"end":{"line":32,"column":30}},{"start":{"line":33,"column":8},"end":{"line":34,"column":null}}]},"3":{"loc":{"start":{"line":39,"column":7},"end":{"line":39,"column":27}},"type":"binary-expr","locations":[{"start":{"line":39,"column":7},"end":{"line":39,"column":12}},{"start":{"line":39,"column":16},"end":{"line":39,"column":27}}]}},"s":{"0":0,"1":0,"2":0,"3":0,"4":0},"f":{"0":0,"1":0},"b":{"0":[0,0],"1":[0,0],"2":[0,0,0],"3":[0,0]}}
,"/Users/jimmy/Desktop/projects/holywater-test/frontend/src/components/builder/DraggableSectionContainer.tsx": {"path":"/Users/jimmy/Desktop/projects/holywater-test/frontend/src/components/builder/DraggableSectionContainer.tsx","statementMap":{"0":{"start":{"line":1,"column":0},"end":{"line":1,"column":60}},"1":{"start":{"line":3,"column":0},"end":{"line":3,"column":36}},"2":{"start":{"line":4,"column":0},"end":{"line":4,"column":48}},"3":{"start":{"line":5,"column":0},"end":{"line":5,"column":41}},"4":{"start":{"line":7,"column":0},"end":{"line":7,"column":52}},"5":{"start":{"line":9,"column":41},"end":{"line":99,"column":1}},"6":{"start":{"line":10,"column":78},"end":{"line":10,"column":83}},"7":{"start":{"line":19,"column":6},"end":{"line":19,"column":29}},"8":{"start":{"line":29,"column":6},"end":{"line":32,"column":4}},"9":{"start":{"line":35,"column":2},"end":{"line":42,"column":3}},"10":{"start":{"line":36,"column":4},"end":{"line":41,"column":6}},"11":{"start":{"line":44,"column":24},"end":{"line":44,"column":42}},"12":{"start":{"line":46,"column":24},"end":{"line":52,"column":4}},"13":{"start":{"line":54,"column":2},"end":{"line":98,"column":4}},"14":{"start":{"line":9,"column":13},"end":{"line":9,"column":41}}},"fnMap":{"0":{"name":"(anonymous_0)","decl":{"start":{"line":9,"column":41},"end":{"line":9,"column":42}},"loc":{"start":{"line":9,"column":71},"end":{"line":99,"column":1}}}},"branchMap":{"0":{"loc":{"start":{"line":30,"column":8},"end":{"line":30,"column":40}},"type":"binary-expr","locations":[{"start":{"line":30,"column":8},"end":{"line":30,"column":19}},{"start":{"line":30,"column":23},"end":{"line":30,"column":40}}]},"1":{"loc":{"start":{"line":30,"column":8},"end":{"line":30,"column":19}},"type":"cond-expr","locations":[{"start":{"line":30,"column":15},"end":{"line":30,"column":17}},{"start":{"line":30,"column":8},"end":{"line":30,"column":19}}]},"2":{"loc":{"start":{"line":30,"column":8},"end":{"line":30,"column":17}},"type":"binary-expr","locations":[{"start":{"line":30,"column":8},"end":{"line":30,"column":17}},{"start":{"line":30,"column":8},"end":{"line":30,"column":17}}]},"3":{"loc":{"start":{"line":35,"column":2},"end":{"line":42,"column":3}},"type":"if","locations":[{"start":{"line":35,"column":2},"end":{"line":42,"column":3}}]},"4":{"loc":{"start":{"line":35,"column":6},"end":{"line":35,"column":29}},"type":"binary-expr","locations":[{"start":{"line":35,"column":6},"end":{"line":35,"column":14}},{"start":{"line":35,"column":18},"end":{"line":35,"column":29}}]},"5":{"loc":{"start":{"line":49,"column":13},"end":{"line":49,"column":33}},"type":"cond-expr","locations":[{"start":{"line":49,"column":26},"end":{"line":49,"column":29}},{"start":{"line":49,"column":32},"end":{"line":49,"column":33}}]},"6":{"loc":{"start":{"line":51,"column":12},"end":{"line":51,"column":37}},"type":"cond-expr","locations":[{"start":{"line":51,"column":25},"end":{"line":51,"column":28}},{"start":{"line":51,"column":31},"end":{"line":51,"column":37}}]},"7":{"loc":{"start":{"line":60,"column":8},"end":{"line":60,"column":67}},"type":"cond-expr","locations":[{"start":{"line":60,"column":21},"end":{"line":60,"column":47}},{"start":{"line":60,"column":50},"end":{"line":60,"column":67}}]},"8":{"loc":{"start":{"line":61,"column":8},"end":{"line":61,"column":43}},"type":"cond-expr","locations":[{"start":{"line":61,"column":21},"end":{"line":61,"column":38}},{"start":{"line":61,"column":41},"end":{"line":61,"column":43}}]},"9":{"loc":{"start":{"line":75,"column":13},"end":{"line":77,"column":42}},"type":"cond-expr","locations":[{"start":{"line":76,"column":16},"end":{"line":76,"column":29}},{"start":{"line":77,"column":16},"end":{"line":77,"column":42}}]},"10":{"loc":{"start":{"line":75,"column":13},"end":{"line":75,"column":57}},"type":"binary-expr","locations":[{"start":{"line":75,"column":13},"end":{"line":75,"column":40}},{"start":{"line":75,"column":44},"end":{"line":75,"column":57}}]},"11":{"loc":{"start":{"line":75,"column":13},"end":{"line":75,"column":40}},"type":"cond-expr","locations":[{"start":{"line":75,"column":29},"end":{"line":75,"column":31}},{"start":{"line":75,"column":29},"end":{"line":75,"column":40}}]},"12":{"loc":{"start":{"line":75,"column":13},"end":{"line":75,"column":31}},"type":"binary-expr","locations":[{"start":{"line":75,"column":13},"end":{"line":75,"column":31}},{"start":{"line":75,"column":29},"end":{"line":75,"column":31}}]},"13":{"loc":{"start":{"line":83,"column":9},"end":{"line":94,"column":null}},"type":"cond-expr","locations":[{"start":{"line":84,"column":10},"end":{"line":89,"column":null}},{"start":{"line":92,"column":10},"end":{"line":93,"column":null}}]},"14":{"loc":{"start":{"line":89,"column":26},"end":{"line":89,"column":69}},"type":"cond-expr","locations":[{"start":{"line":89,"column":41},"end":{"line":89,"column":57}},{"start":{"line":89,"column":60},"end":{"line":89,"column":69}}]}},"s":{"0":0,"1":0,"2":0,"3":0,"4":0,"5":0,"6":0,"7":0,"8":0,"9":0,"10":0,"11":0,"12":0,"13":0,"14":0},"f":{"0":0},"b":{"0":[0,0],"1":[0,0],"2":[0,0],"3":[0],"4":[0,0],"5":[0,0],"6":[0,0],"7":[0,0],"8":[0,0],"9":[0,0],"10":[0,0],"11":[0,0],"12":[0,0],"13":[0,0],"14":[0,0]}}
,"/Users/jimmy/Desktop/projects/holywater-test/frontend/src/components/builder/ImageItem.tsx": {"path":"/Users/jimmy/Desktop/projects/holywater-test/frontend/src/components/builder/ImageItem.tsx","statementMap":{"0":{"start":{"line":1,"column":0},"end":{"line":1,"column":38}},"1":{"start":{"line":4,"column":25},"end":{"line":171,"column":1}},"2":{"start":{"line":24,"column":23},"end":{"line":25,"column":null}},"3":{"start":{"line":29,"column":2},"end":{"line":170,"column":3}},"4":{"start":{"line":31,"column":6},"end":{"line":64,"column":8}},"5":{"start":{"line":41,"column":18},"end":{"line":41,"column":67}},"6":{"start":{"line":42,"column":19},"end":{"line":43,"column":71}},"7":{"start":{"line":67,"column":6},"end":{"line":100,"column":8}},"8":{"start":{"line":87,"column":18},"end":{"line":87,"column":67}},"9":{"start":{"line":88,"column":19},"end":{"line":89,"column":71}},"10":{"start":{"line":103,"column":6},"end":{"line":131,"column":8}},"11":{"start":{"line":113,"column":18},"end":{"line":113,"column":67}},"12":{"start":{"line":114,"column":19},"end":{"line":115,"column":71}},"13":{"start":{"line":134,"column":6},"end":{"line":169,"column":8}},"14":{"start":{"line":144,"column":18},"end":{"line":144,"column":67}},"15":{"start":{"line":145,"column":19},"end":{"line":146,"column":86}},"16":{"start":{"line":4,"column":13},"end":{"line":4,"column":25}}},"fnMap":{"0":{"name":"(anonymous_0)","decl":{"start":{"line":4,"column":25},"end":{"line":4,"column":26}},"loc":{"start":{"line":22,"column":5},"end":{"line":171,"column":1}}},"1":{"name":"(anonymous_1)","decl":{"start":{"line":40,"column":25},"end":{"line":40,"column":26}},"loc":{"start":{"line":40,"column":31},"end":{"line":44,"column":17}}},"2":{"name":"(anonymous_2)","decl":{"start":{"line":86,"column":25},"end":{"line":86,"column":26}},"loc":{"start":{"line":86,"column":31},"end":{"line":90,"column":17}}},"3":{"name":"(anonymous_3)","decl":{"start":{"line":112,"column":25},"end":{"line":112,"column":26}},"loc":{"start":{"line":112,"column":31},"end":{"line":116,"column":17}}},"4":{"name":"(anonymous_4)","decl":{"start":{"line":143,"column":25},"end":{"line":143,"column":26}},"loc":{"start":{"line":143,"column":31},"end":{"line":147,"column":17}}}},"branchMap":{"0":{"loc":{"start":{"line":10,"column":2},"end":{"line":10,"column":21}},"type":"default-arg","locations":[{"start":{"line":10,"column":11},"end":{"line":10,"column":21}}]},"1":{"loc":{"start":{"line":24,"column":23},"end":{"line":25,"column":null}},"type":"binary-expr","locations":[{"start":{"line":24,"column":23},"end":{"line":24,"column":33}},{"start":{"line":25,"column":4},"end":{"line":25,"column":96}}]},"2":{"loc":{"start":{"line":25,"column":60},"end":{"line":25,"column":86}},"type":"binary-expr","locations":[{"start":{"line":25,"column":60},"end":{"line":25,"column":70}},{"start":{"line":25,"column":74},"end":{"line":25,"column":86}}]},"3":{"loc":{"start":{"line":29,"column":2},"end":{"line":170,"column":3}},"type":"switch","locations":[{"start":{"line":30,"column":4},"end":{"line":64,"column":8}},{"start":{"line":66,"column":4},"end":{"line":100,"column":8}},{"start":{"line":102,"column":4},"end":{"line":131,"column":8}},{"start":{"line":133,"column":4},"end":{"line":169,"column":8}}]},"4":{"loc":{"start":{"line":34,"column":13},"end":{"line":49,"column":null}},"type":"cond-expr","locations":[{"start":{"line":35,"column":14},"end":{"line":44,"column":null}},{"start":{"line":47,"column":14},"end":{"line":48,"column":null}}]},"5":{"loc":{"start":{"line":37,"column":21},"end":{"line":37,"column":37}},"type":"binary-expr","locations":[{"start":{"line":37,"column":21},"end":{"line":37,"column":26}},{"start":{"line":37,"column":30},"end":{"line":37,"column":37}}]},"6":{"loc":{"start":{"line":55,"column":67},"end":{"line":55,"column":87}},"type":"binary-expr","locations":[{"start":{"line":55,"column":67},"end":{"line":55,"column":72}},{"start":{"line":55,"column":76},"end":{"line":55,"column":87}}]},"7":{"loc":{"start":{"line":56,"column":15},"end":{"line":56,"column":85}},"type":"binary-expr","locations":[{"start":{"line":56,"column":15},"end":{"line":56,"column":23}},{"start":{"line":56,"column":27},"end":{"line":56,"column":85}}]},"8":{"loc":{"start":{"line":57,"column":15},"end":{"line":58,"column":null}},"type":"binary-expr","locations":[{"start":{"line":57,"column":15},"end":{"line":57,"column":26}},{"start":{"line":58,"column":16},"end":{"line":58,"column":95}}]},"9":{"loc":{"start":{"line":71,"column":67},"end":{"line":71,"column":87}},"type":"binary-expr","locations":[{"start":{"line":71,"column":67},"end":{"line":71,"column":72}},{"start":{"line":71,"column":76},"end":{"line":71,"column":87}}]},"10":{"loc":{"start":{"line":72,"column":15},"end":{"line":72,"column":85}},"type":"binary-expr","locations":[{"start":{"line":72,"column":15},"end":{"line":72,"column":23}},{"start":{"line":72,"column":27},"end":{"line":72,"column":85}}]},"11":{"loc":{"start":{"line":73,"column":15},"end":{"line":74,"column":null}},"type":"binary-expr","locations":[{"start":{"line":73,"column":15},"end":{"line":73,"column":26}},{"start":{"line":74,"column":16},"end":{"line":74,"column":95}}]},"12":{"loc":{"start":{"line":80,"column":13},"end":{"line":95,"column":null}},"type":"cond-expr","locations":[{"start":{"line":81,"column":14},"end":{"line":90,"column":null}},{"start":{"line":93,"column":14},"end":{"line":94,"column":null}}]},"13":{"loc":{"start":{"line":83,"column":21},"end":{"line":83,"column":37}},"type":"binary-expr","locations":[{"start":{"line":83,"column":21},"end":{"line":83,"column":26}},{"start":{"line":83,"column":30},"end":{"line":83,"column":37}}]},"14":{"loc":{"start":{"line":106,"column":13},"end":{"line":121,"column":null}},"type":"cond-expr","locations":[{"start":{"line":107,"column":14},"end":{"line":116,"column":null}},{"start":{"line":119,"column":14},"end":{"line":120,"column":null}}]},"15":{"loc":{"start":{"line":109,"column":21},"end":{"line":109,"column":37}},"type":"binary-expr","locations":[{"start":{"line":109,"column":21},"end":{"line":109,"column":26}},{"start":{"line":109,"column":30},"end":{"line":109,"column":37}}]},"16":{"loc":{"start":{"line":126,"column":65},"end":{"line":126,"column":85}},"type":"binary-expr","locations":[{"start":{"line":126,"column":65},"end":{"line":126,"column":70}},{"start":{"line":126,"column":74},"end":{"line":126,"column":85}}]},"17":{"loc":{"start":{"line":127,"column":13},"end":{"line":127,"column":83}},"type":"binary-expr","locations":[{"start":{"line":127,"column":13},"end":{"line":127,"column":21}},{"start":{"line":127,"column":25},"end":{"line":127,"column":83}}]},"18":{"loc":{"start":{"line":136,"column":11},"end":{"line":153,"column":null}},"type":"cond-expr","locations":[{"start":{"line":137,"column":12},"end":{"line":148,"column":null}},{"start":{"line":151,"column":12},"end":{"line":152,"column":null}}]},"19":{"loc":{"start":{"line":140,"column":21},"end":{"line":140,"column":37}},"type":"binary-expr","locations":[{"start":{"line":140,"column":21},"end":{"line":140,"column":26}},{"start":{"line":140,"column":30},"end":{"line":140,"column":37}}]},"20":{"loc":{"start":{"line":156,"column":11},"end":{"line":160,"column":null}},"type":"binary-expr","locations":[{"start":{"line":156,"column":11},"end":{"line":156,"column":16}},{"start":{"line":157,"column":12},"end":{"line":159,"column":null}}]},"21":{"loc":{"start":{"line":158,"column":62},"end":{"line":158,"column":86}},"type":"binary-expr","locations":[{"start":{"line":158,"column":62},"end":{"line":158,"column":67}},{"start":{"line":158,"column":71},"end":{"line":158,"column":86}}]},"22":{"loc":{"start":{"line":159,"column":15},"end":{"line":159,"column":77}},"type":"binary-expr","locations":[{"start":{"line":159,"column":15},"end":{"line":159,"column":23}},{"start":{"line":159,"column":27},"end":{"line":159,"column":77}}]},"23":{"loc":{"start":{"line":162,"column":11},"end":{"line":165,"column":null}},"type":"binary-expr","locations":[{"start":{"line":162,"column":11},"end":{"line":162,"column":22}},{"start":{"line":163,"column":12},"end":{"line":164,"column":null}}]}},"s":{"0":0,"1":0,"2":0,"3":0,"4":0,"5":0,"6":0,"7":0,"8":0,"9":0,"10":0,"11":0,"12":0,"13":0,"14":0,"15":0,"16":0},"f":{"0":0,"1":0,"2":0,"3":0,"4":0},"b":{"0":[0],"1":[0,0],"2":[0,0],"3":[0,0,0,0],"4":[0,0],"5":[0,0],"6":[0,0],"7":[0,0],"8":[0,0],"9":[0,0],"10":[0,0],"11":[0,0],"12":[0,0],"13":[0,0],"14":[0,0],"15":[0,0],"16":[0,0],"17":[0,0],"18":[0,0],"19":[0,0],"20":[0,0],"21":[0,0],"22":[0,0],"23":[0,0]}}
,"/Users/jimmy/Desktop/projects/holywater-test/frontend/src/components/builder/ItemEditor.tsx": {"path":"/Users/jimmy/Desktop/projects/holywater-test/frontend/src/components/builder/ItemEditor.tsx","statementMap":{"0":{"start":{"line":1,"column":0},"end":{"line":1,"column":78}},"1":{"start":{"line":2,"column":0},"end":{"line":2,"column":35}},"2":{"start":{"line":4,"column":0},"end":{"line":4,"column":42}},"3":{"start":{"line":5,"column":0},"end":{"line":5,"column":46}},"4":{"start":{"line":6,"column":0},"end":{"line":6,"column":40}},"5":{"start":{"line":7,"column":0},"end":{"line":7,"column":44}},"6":{"start":{"line":8,"column":0},"end":{"line":8,"column":38}},"7":{"start":{"line":15,"column":19},"end":{"line":71,"column":1}},"8":{"start":{"line":28,"column":6},"end":{"line":28,"column":48}},"9":{"start":{"line":30,"column":24},"end":{"line":45,"column":3}},"10":{"start":{"line":31,"column":4},"end":{"line":44,"column":5}},"11":{"start":{"line":33,"column":8},"end":{"line":33,"column":46}},"12":{"start":{"line":35,"column":8},"end":{"line":35,"column":45}},"13":{"start":{"line":37,"column":8},"end":{"line":37,"column":56}},"14":{"start":{"line":39,"column":8},"end":{"line":39,"column":48}},"15":{"start":{"line":41,"column":8},"end":{"line":41,"column":49}},"16":{"start":{"line":43,"column":8},"end":{"line":43,"column":95}},"17":{"start":{"line":47,"column":2},"end":{"line":70,"column":4}},"18":{"start":{"line":73,"column":0},"end":{"line":73,"column":26}}},"fnMap":{"0":{"name":"(anonymous_0)","decl":{"start":{"line":15,"column":19},"end":{"line":15,"column":20}},"loc":{"start":{"line":15,"column":80},"end":{"line":71,"column":1}}},"1":{"name":"(anonymous_1)","decl":{"start":{"line":30,"column":24},"end":{"line":30,"column":27}},"loc":{"start":{"line":30,"column":29},"end":{"line":45,"column":3}}}},"branchMap":{"0":{"loc":{"start":{"line":31,"column":4},"end":{"line":44,"column":5}},"type":"switch","locations":[{"start":{"line":32,"column":6},"end":{"line":33,"column":46}},{"start":{"line":34,"column":6},"end":{"line":35,"column":45}},{"start":{"line":36,"column":6},"end":{"line":37,"column":56}},{"start":{"line":38,"column":6},"end":{"line":39,"column":48}},{"start":{"line":40,"column":6},"end":{"line":41,"column":49}},{"start":{"line":42,"column":6},"end":{"line":43,"column":95}}]},"1":{"loc":{"start":{"line":53,"column":8},"end":{"line":53,"column":67}},"type":"cond-expr","locations":[{"start":{"line":53,"column":21},"end":{"line":53,"column":47}},{"start":{"line":53,"column":50},"end":{"line":53,"column":67}}]},"2":{"loc":{"start":{"line":59,"column":7},"end":{"line":65,"column":null}},"type":"binary-expr","locations":[{"start":{"line":59,"column":7},"end":{"line":59,"column":15}},{"start":{"line":60,"column":8},"end":{"line":62,"column":null}}]}},"s":{"0":0,"1":0,"2":0,"3":0,"4":0,"5":0,"6":0,"7":0,"8":0,"9":0,"10":0,"11":0,"12":0,"13":0,"14":0,"15":0,"16":0,"17":0,"18":0},"f":{"0":0,"1":0},"b":{"0":[0,0,0,0,0,0],"1":[0,0],"2":[0,0]}}
,"/Users/jimmy/Desktop/projects/holywater-test/frontend/src/components/builder/ItemPalette.tsx": {"path":"/Users/jimmy/Desktop/projects/holywater-test/frontend/src/components/builder/ItemPalette.tsx","statementMap":{"0":{"start":{"line":2,"column":0},"end":{"line":2,"column":57}},"1":{"start":{"line":10,"column":20},"end":{"line":57,"column":1}},"2":{"start":{"line":11,"column":2},"end":{"line":20,"column":3}},"3":{"start":{"line":12,"column":4},"end":{"line":19,"column":6}},"4":{"start":{"line":22,"column":2},"end":{"line":56,"column":4}},"5":{"start":{"line":27,"column":10},"end":{"line":28,"column":null}},"6":{"start":{"line":29,"column":27},"end":{"line":29,"column":42}},"7":{"start":{"line":59,"column":0},"end":{"line":59,"column":27}}},"fnMap":{"0":{"name":"(anonymous_0)","decl":{"start":{"line":10,"column":20},"end":{"line":10,"column":21}},"loc":{"start":{"line":10,"column":83},"end":{"line":57,"column":1}}},"1":{"name":"(anonymous_1)","decl":{"start":{"line":26,"column":23},"end":{"line":26,"column":24}},"loc":{"start":{"line":27,"column":10},"end":{"line":28,"column":null}}},"2":{"name":"(anonymous_2)","decl":{"start":{"line":29,"column":21},"end":{"line":29,"column":24}},"loc":{"start":{"line":29,"column":27},"end":{"line":29,"column":42}}}},"branchMap":{"0":{"loc":{"start":{"line":10,"column":45},"end":{"line":10,"column":59}},"type":"default-arg","locations":[{"start":{"line":10,"column":57},"end":{"line":10,"column":59}}]},"1":{"loc":{"start":{"line":11,"column":2},"end":{"line":20,"column":3}},"type":"if","locations":[{"start":{"line":11,"column":2},"end":{"line":20,"column":3}}]}},"s":{"0":0,"1":0,"2":0,"3":0,"4":0,"5":0,"6":0,"7":0},"f":{"0":0,"1":0,"2":0},"b":{"0":[0],"1":[0]}}
,"/Users/jimmy/Desktop/projects/holywater-test/frontend/src/components/builder/JsonPreview.tsx": {"path":"/Users/jimmy/Desktop/projects/holywater-test/frontend/src/components/builder/JsonPreview.tsx","statementMap":{"0":{"start":{"line":1,"column":0},"end":{"line":1,"column":43}},"1":{"start":{"line":3,"column":0},"end":{"line":3,"column":33}},"2":{"start":{"line":10,"column":20},"end":{"line":91,"column":1}},"3":{"start":{"line":11,"column":34},"end":{"line":11,"column":49}},"4":{"start":{"line":12,"column":38},"end":{"line":12,"column":53}},"5":{"start":{"line":15,"column":24},"end":{"line":15,"column":53}},"6":{"start":{"line":18,"column":21},"end":{"line":35,"column":3}},"7":{"start":{"line":19,"column":4},"end":{"line":21,"column":5}},"8":{"start":{"line":20,"column":6},"end":{"line":20,"column":13}},"9":{"start":{"line":23,"column":4},"end":{"line":34,"column":6}},"10":{"start":{"line":25,"column":8},"end":{"line":25,"column":26}},"11":{"start":{"line":27,"column":8},"end":{"line":29,"column":17}},"12":{"start":{"line":28,"column":10},"end":{"line":28,"column":29}},"13":{"start":{"line":32,"column":8},"end":{"line":32,"column":61}},"14":{"start":{"line":38,"column":25},"end":{"line":40,"column":3}},"15":{"start":{"line":39,"column":4},"end":{"line":39,"column":31}},"16":{"start":{"line":43,"column":24},"end":{"line":57,"column":3}},"17":{"start":{"line":44,"column":4},"end":{"line":50,"column":5}},"18":{"start":{"line":45,"column":6},"end":{"line":49,"column":8}},"19":{"start":{"line":52,"column":4},"end":{"line":56,"column":6}},"20":{"start":{"line":59,"column":2},"end":{"line":90,"column":4}},"21":{"start":{"line":93,"column":0},"end":{"line":93,"column":27}}},"fnMap":{"0":{"name":"(anonymous_1)","decl":{"start":{"line":10,"column":20},"end":{"line":10,"column":21}},"loc":{"start":{"line":10,"column":67},"end":{"line":91,"column":1}}},"1":{"name":"(anonymous_2)","decl":{"start":{"line":18,"column":21},"end":{"line":18,"column":24}},"loc":{"start":{"line":18,"column":26},"end":{"line":35,"column":3}}},"2":{"name":"(anonymous_3)","decl":{"start":{"line":24,"column":6},"end":{"line":24,"column":9}},"loc":{"start":{"line":24,"column":11},"end":{"line":30,"column":7}}},"3":{"name":"(anonymous_4)","decl":{"start":{"line":27,"column":19},"end":{"line":27,"column":22}},"loc":{"start":{"line":27,"column":24},"end":{"line":29,"column":9}}},"4":{"name":"(anonymous_5)","decl":{"start":{"line":31,"column":6},"end":{"line":31,"column":7}},"loc":{"start":{"line":31,"column":14},"end":{"line":33,"column":7}}},"5":{"name":"(anonymous_6)","decl":{"start":{"line":38,"column":25},"end":{"line":38,"column":28}},"loc":{"start":{"line":38,"column":30},"end":{"line":40,"column":3}}},"6":{"name":"(anonymous_7)","decl":{"start":{"line":43,"column":24},"end":{"line":43,"column":27}},"loc":{"start":{"line":43,"column":29},"end":{"line":57,"column":3}}}},"branchMap":{"0":{"loc":{"start":{"line":10,"column":29},"end":{"line":10,"column":43}},"type":"default-arg","locations":[{"start":{"line":10,"column":41},"end":{"line":10,"column":43}}]},"1":{"loc":{"start":{"line":19,"column":4},"end":{"line":21,"column":5}},"type":"if","locations":[{"start":{"line":19,"column":4},"end":{"line":21,"column":5}}]},"2":{"loc":{"start":{"line":44,"column":4},"end":{"line":50,"column":5}},"type":"if","locations":[{"start":{"line":44,"column":4},"end":{"line":50,"column":5}}]},"3":{"loc":{"start":{"line":44,"column":8},"end":{"line":44,"column":41}},"type":"binary-expr","locations":[{"start":{"line":44,"column":8},"end":{"line":44,"column":13}},{"start":{"line":44,"column":17},"end":{"line":44,"column":41}}]},"4":{"loc":{"start":{"line":70,"column":13},"end":{"line":70,"column":51}},"type":"cond-expr","locations":[{"start":{"line":70,"column":26},"end":{"line":70,"column":36}},{"start":{"line":70,"column":39},"end":{"line":70,"column":51}}]},"5":{"loc":{"start":{"line":73,"column":21},"end":{"line":73,"column":53}},"type":"cond-expr","locations":[{"start":{"line":73,"column":32},"end":{"line":73,"column":41}},{"start":{"line":73,"column":44},"end":{"line":73,"column":53}}]},"6":{"loc":{"start":{"line":76,"column":22},"end":{"line":76,"column":55}},"type":"binary-expr","locations":[{"start":{"line":76,"column":22},"end":{"line":76,"column":27}},{"start":{"line":76,"column":31},"end":{"line":76,"column":55}}]},"7":{"loc":{"start":{"line":78,"column":13},"end":{"line":78,"column":52}},"type":"cond-expr","locations":[{"start":{"line":78,"column":24},"end":{"line":78,"column":38}},{"start":{"line":78,"column":41},"end":{"line":78,"column":52}}]},"8":{"loc":{"start":{"line":84,"column":10},"end":{"line":84,"column":null}},"type":"cond-expr","locations":[{"start":{"line":84,"column":23},"end":{"line":84,"column":38}},{"start":{"line":84,"column":41},"end":{"line":84,"column":null}}]}},"s":{"0":0,"1":0,"2":0,"3":0,"4":0,"5":0,"6":0,"7":0,"8":0,"9":0,"10":0,"11":0,"12":0,"13":0,"14":0,"15":0,"16":0,"17":0,"18":0,"19":0,"20":0,"21":0},"f":{"0":0,"1":0,"2":0,"3":0,"4":0,"5":0,"6":0},"b":{"0":[0],"1":[0],"2":[0],"3":[0,0],"4":[0,0],"5":[0,0],"6":[0,0],"7":[0,0],"8":[0,0]}}
,"/Users/jimmy/Desktop/projects/holywater-test/frontend/src/components/builder/ProductItem.tsx": {"path":"/Users/jimmy/Desktop/projects/holywater-test/frontend/src/components/builder/ProductItem.tsx","statementMap":{"0":{"start":{"line":1,"column":0},"end":{"line":1,"column":38}},"1":{"start":{"line":4,"column":27},"end":{"line":185,"column":1}},"2":{"start":{"line":26,"column":23},"end":{"line":27,"column":null}},"3":{"start":{"line":31,"column":2},"end":{"line":184,"column":3}},"4":{"start":{"line":33,"column":6},"end":{"line":67,"column":8}},"5":{"start":{"line":43,"column":18},"end":{"line":43,"column":67}},"6":{"start":{"line":44,"column":19},"end":{"line":45,"column":71}},"7":{"start":{"line":70,"column":6},"end":{"line":104,"column":8}},"8":{"start":{"line":91,"column":18},"end":{"line":91,"column":67}},"9":{"start":{"line":92,"column":19},"end":{"line":93,"column":71}},"10":{"start":{"line":107,"column":6},"end":{"line":136,"column":8}},"11":{"start":{"line":117,"column":18},"end":{"line":117,"column":67}},"12":{"start":{"line":118,"column":19},"end":{"line":119,"column":71}},"13":{"start":{"line":139,"column":6},"end":{"line":183,"column":8}},"14":{"start":{"line":150,"column":20},"end":{"line":150,"column":69}},"15":{"start":{"line":151,"column":21},"end":{"line":152,"column":88}},"16":{"start":{"line":4,"column":13},"end":{"line":4,"column":27}}},"fnMap":{"0":{"name":"(anonymous_0)","decl":{"start":{"line":4,"column":27},"end":{"line":4,"column":28}},"loc":{"start":{"line":24,"column":5},"end":{"line":185,"column":1}}},"1":{"name":"(anonymous_1)","decl":{"start":{"line":42,"column":25},"end":{"line":42,"column":26}},"loc":{"start":{"line":42,"column":31},"end":{"line":46,"column":17}}},"2":{"name":"(anonymous_2)","decl":{"start":{"line":90,"column":25},"end":{"line":90,"column":26}},"loc":{"start":{"line":90,"column":31},"end":{"line":94,"column":17}}},"3":{"name":"(anonymous_3)","decl":{"start":{"line":116,"column":25},"end":{"line":116,"column":26}},"loc":{"start":{"line":116,"column":31},"end":{"line":120,"column":17}}},"4":{"name":"(anonymous_4)","decl":{"start":{"line":149,"column":27},"end":{"line":149,"column":28}},"loc":{"start":{"line":149,"column":33},"end":{"line":153,"column":19}}}},"branchMap":{"0":{"loc":{"start":{"line":11,"column":2},"end":{"line":11,"column":21}},"type":"default-arg","locations":[{"start":{"line":11,"column":11},"end":{"line":11,"column":21}}]},"1":{"loc":{"start":{"line":26,"column":23},"end":{"line":27,"column":null}},"type":"binary-expr","locations":[{"start":{"line":26,"column":23},"end":{"line":26,"column":33}},{"start":{"line":27,"column":4},"end":{"line":27,"column":94}}]},"2":{"loc":{"start":{"line":27,"column":60},"end":{"line":27,"column":84}},"type":"binary-expr","locations":[{"start":{"line":27,"column":60},"end":{"line":27,"column":70}},{"start":{"line":27,"column":74},"end":{"line":27,"column":84}}]},"3":{"loc":{"start":{"line":31,"column":2},"end":{"line":184,"column":3}},"type":"switch","locations":[{"start":{"line":32,"column":4},"end":{"line":67,"column":8}},{"start":{"line":69,"column":4},"end":{"line":104,"column":8}},{"start":{"line":106,"column":4},"end":{"line":136,"column":8}},{"start":{"line":138,"column":4},"end":{"line":183,"column":8}}]},"4":{"loc":{"start":{"line":36,"column":13},"end":{"line":51,"column":null}},"type":"cond-expr","locations":[{"start":{"line":37,"column":14},"end":{"line":46,"column":null}},{"start":{"line":49,"column":14},"end":{"line":50,"column":null}}]},"5":{"loc":{"start":{"line":39,"column":21},"end":{"line":39,"column":39}},"type":"binary-expr","locations":[{"start":{"line":39,"column":21},"end":{"line":39,"column":26}},{"start":{"line":39,"column":30},"end":{"line":39,"column":39}}]},"6":{"loc":{"start":{"line":57,"column":67},"end":{"line":57,"column":91}},"type":"binary-expr","locations":[{"start":{"line":57,"column":67},"end":{"line":57,"column":72}},{"start":{"line":57,"column":76},"end":{"line":57,"column":91}}]},"7":{"loc":{"start":{"line":58,"column":15},"end":{"line":58,"column":83}},"type":"binary-expr","locations":[{"start":{"line":58,"column":15},"end":{"line":58,"column":20}},{"start":{"line":58,"column":24},"end":{"line":58,"column":83}}]},"8":{"loc":{"start":{"line":59,"column":15},"end":{"line":59,"column":85}},"type":"binary-expr","locations":[{"start":{"line":59,"column":15},"end":{"line":59,"column":23}},{"start":{"line":59,"column":27},"end":{"line":59,"column":85}}]},"9":{"loc":{"start":{"line":60,"column":15},"end":{"line":61,"column":null}},"type":"binary-expr","locations":[{"start":{"line":60,"column":15},"end":{"line":60,"column":26}},{"start":{"line":61,"column":16},"end":{"line":61,"column":95}}]},"10":{"loc":{"start":{"line":74,"column":67},"end":{"line":74,"column":91}},"type":"binary-expr","locations":[{"start":{"line":74,"column":67},"end":{"line":74,"column":72}},{"start":{"line":74,"column":76},"end":{"line":74,"column":91}}]},"11":{"loc":{"start":{"line":75,"column":15},"end":{"line":75,"column":83}},"type":"binary-expr","locations":[{"start":{"line":75,"column":15},"end":{"line":75,"column":20}},{"start":{"line":75,"column":24},"end":{"line":75,"column":83}}]},"12":{"loc":{"start":{"line":76,"column":15},"end":{"line":76,"column":85}},"type":"binary-expr","locations":[{"start":{"line":76,"column":15},"end":{"line":76,"column":23}},{"start":{"line":76,"column":27},"end":{"line":76,"column":85}}]},"13":{"loc":{"start":{"line":77,"column":15},"end":{"line":78,"column":null}},"type":"binary-expr","locations":[{"start":{"line":77,"column":15},"end":{"line":77,"column":26}},{"start":{"line":78,"column":16},"end":{"line":78,"column":95}}]},"14":{"loc":{"start":{"line":84,"column":13},"end":{"line":99,"column":null}},"type":"cond-expr","locations":[{"start":{"line":85,"column":14},"end":{"line":94,"column":null}},{"start":{"line":97,"column":14},"end":{"line":98,"column":null}}]},"15":{"loc":{"start":{"line":87,"column":21},"end":{"line":87,"column":39}},"type":"binary-expr","locations":[{"start":{"line":87,"column":21},"end":{"line":87,"column":26}},{"start":{"line":87,"column":30},"end":{"line":87,"column":39}}]},"16":{"loc":{"start":{"line":110,"column":13},"end":{"line":125,"column":null}},"type":"cond-expr","locations":[{"start":{"line":111,"column":14},"end":{"line":120,"column":null}},{"start":{"line":123,"column":14},"end":{"line":124,"column":null}}]},"17":{"loc":{"start":{"line":113,"column":21},"end":{"line":113,"column":39}},"type":"binary-expr","locations":[{"start":{"line":113,"column":21},"end":{"line":113,"column":26}},{"start":{"line":113,"column":30},"end":{"line":113,"column":39}}]},"18":{"loc":{"start":{"line":130,"column":65},"end":{"line":130,"column":89}},"type":"binary-expr","locations":[{"start":{"line":130,"column":65},"end":{"line":130,"column":70}},{"start":{"line":130,"column":74},"end":{"line":130,"column":89}}]},"19":{"loc":{"start":{"line":131,"column":13},"end":{"line":131,"column":81}},"type":"binary-expr","locations":[{"start":{"line":131,"column":13},"end":{"line":131,"column":18}},{"start":{"line":131,"column":22},"end":{"line":131,"column":81}}]},"20":{"loc":{"start":{"line":132,"column":13},"end":{"line":132,"column":83}},"type":"binary-expr","locations":[{"start":{"line":132,"column":13},"end":{"line":132,"column":21}},{"start":{"line":132,"column":25},"end":{"line":132,"column":83}}]},"21":{"loc":{"start":{"line":143,"column":15},"end":{"line":158,"column":null}},"type":"cond-expr","locations":[{"start":{"line":144,"column":16},"end":{"line":153,"column":null}},{"start":{"line":156,"column":16},"end":{"line":157,"column":null}}]},"22":{"loc":{"start":{"line":146,"column":23},"end":{"line":146,"column":41}},"type":"binary-expr","locations":[{"start":{"line":146,"column":23},"end":{"line":146,"column":28}},{"start":{"line":146,"column":32},"end":{"line":146,"column":41}}]},"23":{"loc":{"start":{"line":165,"column":15},"end":{"line":165,"column":39}},"type":"binary-expr","locations":[{"start":{"line":165,"column":15},"end":{"line":165,"column":20}},{"start":{"line":165,"column":24},"end":{"line":165,"column":39}}]},"24":{"loc":{"start":{"line":167,"column":13},"end":{"line":170,"column":null}},"type":"cond-expr","locations":[{"start":{"line":168,"column":14},"end":{"line":168,"column":68}},{"start":{"line":170,"column":14},"end":{"line":170,"column":65}}]},"25":{"loc":{"start":{"line":172,"column":13},"end":{"line":175,"column":null}},"type":"cond-expr","locations":[{"start":{"line":173,"column":14},"end":{"line":173,"column":82}},{"start":{"line":175,"column":14},"end":{"line":175,"column":71}}]},"26":{"loc":{"start":{"line":177,"column":13},"end":{"line":178,"column":null}},"type":"binary-expr","locations":[{"start":{"line":177,"column":13},"end":{"line":177,"column":24}},{"start":{"line":178,"column":14},"end":{"line":178,"column":93}}]}},"s":{"0":0,"1":0,"2":0,"3":0,"4":0,"5":0,"6":0,"7":0,"8":0,"9":0,"10":0,"11":0,"12":0,"13":0,"14":0,"15":0,"16":0},"f":{"0":0,"1":0,"2":0,"3":0,"4":0},"b":{"0":[0],"1":[0,0],"2":[0,0],"3":[0,0,0,0],"4":[0,0],"5":[0,0],"6":[0,0],"7":[0,0],"8":[0,0],"9":[0,0],"10":[0,0],"11":[0,0],"12":[0,0],"13":[0,0],"14":[0,0],"15":[0,0],"16":[0,0],"17":[0,0],"18":[0,0],"19":[0,0],"20":[0,0],"21":[0,0],"22":[0,0],"23":[0,0],"24":[0,0],"25":[0,0],"26":[0,0]}}
,"/Users/jimmy/Desktop/projects/holywater-test/frontend/src/components/builder/PropertyPanel.tsx": {"path":"/Users/jimmy/Desktop/projects/holywater-test/frontend/src/components/builder/PropertyPanel.tsx","statementMap":{"0":{"start":{"line":2,"column":0},"end":{"line":2,"column":48}},"1":{"start":{"line":3,"column":0},"end":{"line":3,"column":43}},"2":{"start":{"line":4,"column":0},"end":{"line":4,"column":53}},"3":{"start":{"line":5,"column":0},"end":{"line":5,"column":41}},"4":{"start":{"line":6,"column":0},"end":{"line":6,"column":43}},"5":{"start":{"line":7,"column":0},"end":{"line":7,"column":31}},"6":{"start":{"line":19,"column":22},"end":{"line":573,"column":1}},"7":{"start":{"line":29,"column":2},"end":{"line":40,"column":3}},"8":{"start":{"line":30,"column":4},"end":{"line":39,"column":6}},"9":{"start":{"line":43,"column":2},"end":{"line":345,"column":3}},"10":{"start":{"line":44,"column":4},"end":{"line":344,"column":6}},"11":{"start":{"line":52,"column":14},"end":{"line":78,"column":16}},"12":{"start":{"line":54,"column":18},"end":{"line":74,"column":null}},"13":{"start":{"line":60,"column":71},"end":{"line":60,"column":87}},"14":{"start":{"line":67,"column":26},"end":{"line":67,"column":76}},"15":{"start":{"line":68,"column":26},"end":{"line":68,"column":43}},"16":{"start":{"line":69,"column":26},"end":{"line":69,"column":60}},"17":{"start":{"line":96,"column":14},"end":{"line":98,"column":16}},"18":{"start":{"line":112,"column":18},"end":{"line":114,"column":20}},"19":{"start":{"line":125,"column":20},"end":{"line":131,"column":22}},"20":{"start":{"line":147,"column":18},"end":{"line":149,"column":20}},"21":{"start":{"line":158,"column":18},"end":{"line":160,"column":20}},"22":{"start":{"line":170,"column":18},"end":{"line":172,"column":20}},"23":{"start":{"line":182,"column":18},"end":{"line":184,"column":20}},"24":{"start":{"line":199,"column":18},"end":{"line":201,"column":20}},"25":{"start":{"line":213,"column":22},"end":{"line":215,"column":24}},"26":{"start":{"line":230,"column":20},"end":{"line":232,"column":22}},"27":{"start":{"line":244,"column":32},"end":{"line":244,"column":74}},"28":{"start":{"line":244,"column":59},"end":{"line":244,"column":73}},"29":{"start":{"line":245,"column":20},"end":{"line":265,"column":22}},"30":{"start":{"line":254,"column":48},"end":{"line":255,"column":null}},"31":{"start":{"line":255,"column":37},"end":{"line":255,"column":48}},"32":{"start":{"line":257,"column":28},"end":{"line":259,"column":31}},"33":{"start":{"line":271,"column":39},"end":{"line":271,"column":82}},"34":{"start":{"line":272,"column":20},"end":{"line":272,"column":48}},"35":{"start":{"line":272,"column":36},"end":{"line":272,"column":48}},"36":{"start":{"line":274,"column":20},"end":{"line":290,"column":22}},"37":{"start":{"line":279,"column":46},"end":{"line":279,"column":77}},"38":{"start":{"line":280,"column":26},"end":{"line":285,"column":29}},"39":{"start":{"line":307,"column":18},"end":{"line":309,"column":20}},"40":{"start":{"line":322,"column":18},"end":{"line":324,"column":20}},"41":{"start":{"line":337,"column":14},"end":{"line":339,"column":16}},"42":{"start":{"line":348,"column":2},"end":{"line":572,"column":4}},"43":{"start":{"line":356,"column":12},"end":{"line":382,"column":14}},"44":{"start":{"line":358,"column":16},"end":{"line":378,"column":null}},"45":{"start":{"line":364,"column":69},"end":{"line":364,"column":85}},"46":{"start":{"line":371,"column":24},"end":{"line":371,"column":60}},"47":{"start":{"line":372,"column":24},"end":{"line":372,"column":41}},"48":{"start":{"line":373,"column":24},"end":{"line":373,"column":57}},"49":{"start":{"line":399,"column":12},"end":{"line":401,"column":null}},"50":{"start":{"line":414,"column":16},"end":{"line":418,"column":null}},"51":{"start":{"line":431,"column":12},"end":{"line":435,"column":null}},"52":{"start":{"line":450,"column":16},"end":{"line":454,"column":null}},"53":{"start":{"line":469,"column":16},"end":{"line":473,"column":null}},"54":{"start":{"line":493,"column":16},"end":{"line":497,"column":null}},"55":{"start":{"line":516,"column":12},"end":{"line":520,"column":null}},"56":{"start":{"line":538,"column":12},"end":{"line":542,"column":null}},"57":{"start":{"line":560,"column":14},"end":{"line":564,"column":null}},"58":{"start":{"line":575,"column":0},"end":{"line":575,"column":29}}},"fnMap":{"0":{"name":"(anonymous_1)","decl":{"start":{"line":19,"column":22},"end":{"line":19,"column":23}},"loc":{"start":{"line":27,"column":25},"end":{"line":573,"column":1}}},"1":{"name":"(anonymous_2)","decl":{"start":{"line":51,"column":21},"end":{"line":51,"column":24}},"loc":{"start":{"line":51,"column":26},"end":{"line":79,"column":13}}},"2":{"name":"(anonymous_3)","decl":{"start":{"line":53,"column":16},"end":{"line":53,"column":17}},"loc":{"start":{"line":54,"column":18},"end":{"line":74,"column":null}}},"3":{"name":"(anonymous_4)","decl":{"start":{"line":60,"column":65},"end":{"line":60,"column":68}},"loc":{"start":{"line":60,"column":71},"end":{"line":60,"column":87}}},"4":{"name":"(anonymous_5)","decl":{"start":{"line":66,"column":33},"end":{"line":66,"column":36}},"loc":{"start":{"line":66,"column":38},"end":{"line":70,"column":25}}},"5":{"name":"(anonymous_6)","decl":{"start":{"line":95,"column":22},"end":{"line":95,"column":23}},"loc":{"start":{"line":96,"column":14},"end":{"line":98,"column":16}}},"6":{"name":"(anonymous_7)","decl":{"start":{"line":111,"column":26},"end":{"line":111,"column":27}},"loc":{"start":{"line":112,"column":18},"end":{"line":114,"column":20}}},"7":{"name":"(anonymous_8)","decl":{"start":{"line":124,"column":27},"end":{"line":124,"column":30}},"loc":{"start":{"line":125,"column":20},"end":{"line":131,"column":22}}},"8":{"name":"(anonymous_9)","decl":{"start":{"line":146,"column":26},"end":{"line":146,"column":27}},"loc":{"start":{"line":147,"column":18},"end":{"line":149,"column":20}}},"9":{"name":"(anonymous_10)","decl":{"start":{"line":157,"column":26},"end":{"line":157,"column":27}},"loc":{"start":{"line":158,"column":18},"end":{"line":160,"column":20}}},"10":{"name":"(anonymous_11)","decl":{"start":{"line":169,"column":26},"end":{"line":169,"column":27}},"loc":{"start":{"line":170,"column":18},"end":{"line":172,"column":20}}},"11":{"name":"(anonymous_12)","decl":{"start":{"line":181,"column":26},"end":{"line":181,"column":27}},"loc":{"start":{"line":182,"column":18},"end":{"line":184,"column":20}}},"12":{"name":"(anonymous_13)","decl":{"start":{"line":198,"column":26},"end":{"line":198,"column":27}},"loc":{"start":{"line":199,"column":18},"end":{"line":201,"column":20}}},"13":{"name":"(anonymous_14)","decl":{"start":{"line":212,"column":30},"end":{"line":212,"column":31}},"loc":{"start":{"line":213,"column":22},"end":{"line":215,"column":24}}},"14":{"name":"(anonymous_15)","decl":{"start":{"line":229,"column":28},"end":{"line":229,"column":29}},"loc":{"start":{"line":230,"column":20},"end":{"line":232,"column":22}}},"15":{"name":"(anonymous_16)","decl":{"start":{"line":243,"column":50},"end":{"line":243,"column":51}},"loc":{"start":{"line":243,"column":60},"end":{"line":266,"column":19}}},"16":{"name":"(anonymous_17)","decl":{"start":{"line":244,"column":52},"end":{"line":244,"column":53}},"loc":{"start":{"line":244,"column":59},"end":{"line":244,"column":73}}},"17":{"name":"(anonymous_18)","decl":{"start":{"line":253,"column":35},"end":{"line":253,"column":38}},"loc":{"start":{"line":253,"column":40},"end":{"line":260,"column":27}}},"18":{"name":"(anonymous_19)","decl":{"start":{"line":255,"column":30},"end":{"line":255,"column":31}},"loc":{"start":{"line":255,"column":37},"end":{"line":255,"column":48}}},"19":{"name":"(anonymous_20)","decl":{"start":{"line":270,"column":38},"end":{"line":270,"column":39}},"loc":{"start":{"line":270,"column":46},"end":{"line":291,"column":19}}},"20":{"name":"(anonymous_21)","decl":{"start":{"line":278,"column":33},"end":{"line":278,"column":36}},"loc":{"start":{"line":278,"column":38},"end":{"line":286,"column":25}}},"21":{"name":"(anonymous_22)","decl":{"start":{"line":306,"column":26},"end":{"line":306,"column":27}},"loc":{"start":{"line":307,"column":18},"end":{"line":309,"column":20}}},"22":{"name":"(anonymous_23)","decl":{"start":{"line":321,"column":26},"end":{"line":321,"column":27}},"loc":{"start":{"line":322,"column":18},"end":{"line":324,"column":20}}},"23":{"name":"(anonymous_24)","decl":{"start":{"line":336,"column":22},"end":{"line":336,"column":23}},"loc":{"start":{"line":337,"column":14},"end":{"line":339,"column":16}}},"24":{"name":"(anonymous_25)","decl":{"start":{"line":355,"column":19},"end":{"line":355,"column":22}},"loc":{"start":{"line":355,"column":24},"end":{"line":383,"column":11}}},"25":{"name":"(anonymous_26)","decl":{"start":{"line":357,"column":14},"end":{"line":357,"column":15}},"loc":{"start":{"line":358,"column":16},"end":{"line":378,"column":null}}},"26":{"name":"(anonymous_27)","decl":{"start":{"line":364,"column":63},"end":{"line":364,"column":66}},"loc":{"start":{"line":364,"column":69},"end":{"line":364,"column":85}}},"27":{"name":"(anonymous_28)","decl":{"start":{"line":370,"column":31},"end":{"line":370,"column":34}},"loc":{"start":{"line":370,"column":36},"end":{"line":374,"column":23}}},"28":{"name":"(anonymous_29)","decl":{"start":{"line":398,"column":20},"end":{"line":398,"column":21}},"loc":{"start":{"line":399,"column":12},"end":{"line":401,"column":null}}},"29":{"name":"(anonymous_30)","decl":{"start":{"line":413,"column":24},"end":{"line":413,"column":25}},"loc":{"start":{"line":414,"column":16},"end":{"line":418,"column":null}}},"30":{"name":"(anonymous_31)","decl":{"start":{"line":430,"column":20},"end":{"line":430,"column":21}},"loc":{"start":{"line":431,"column":12},"end":{"line":435,"column":null}}},"31":{"name":"(anonymous_32)","decl":{"start":{"line":449,"column":24},"end":{"line":449,"column":25}},"loc":{"start":{"line":450,"column":16},"end":{"line":454,"column":null}}},"32":{"name":"(anonymous_33)","decl":{"start":{"line":468,"column":24},"end":{"line":468,"column":25}},"loc":{"start":{"line":469,"column":16},"end":{"line":473,"column":null}}},"33":{"name":"(anonymous_34)","decl":{"start":{"line":492,"column":24},"end":{"line":492,"column":25}},"loc":{"start":{"line":493,"column":16},"end":{"line":497,"column":null}}},"34":{"name":"(anonymous_35)","decl":{"start":{"line":515,"column":20},"end":{"line":515,"column":21}},"loc":{"start":{"line":516,"column":12},"end":{"line":520,"column":null}}},"35":{"name":"(anonymous_36)","decl":{"start":{"line":537,"column":20},"end":{"line":537,"column":21}},"loc":{"start":{"line":538,"column":12},"end":{"line":542,"column":null}}},"36":{"name":"(anonymous_37)","decl":{"start":{"line":559,"column":22},"end":{"line":559,"column":23}},"loc":{"start":{"line":560,"column":14},"end":{"line":564,"column":null}}}},"branchMap":{"0":{"loc":{"start":{"line":26,"column":2},"end":{"line":26,"column":16}},"type":"default-arg","locations":[{"start":{"line":26,"column":14},"end":{"line":26,"column":16}}]},"1":{"loc":{"start":{"line":29,"column":2},"end":{"line":40,"column":3}},"type":"if","locations":[{"start":{"line":29,"column":2},"end":{"line":40,"column":3}}]},"2":{"loc":{"start":{"line":43,"column":2},"end":{"line":345,"column":3}},"type":"if","locations":[{"start":{"line":43,"column":2},"end":{"line":345,"column":3}}]},"3":{"loc":{"start":{"line":94,"column":19},"end":{"line":94,"column":51}},"type":"binary-expr","locations":[{"start":{"line":94,"column":19},"end":{"line":94,"column":45}},{"start":{"line":94,"column":49},"end":{"line":94,"column":51}}]},"4":{"loc":{"start":{"line":103,"column":11},"end":{"line":137,"column":null}},"type":"binary-expr","locations":[{"start":{"line":103,"column":12},"end":{"line":103,"column":41}},{"start":{"line":104,"column":12},"end":{"line":104,"column":43}},{"start":{"line":105,"column":12},"end":{"line":105,"column":44}},{"start":{"line":106,"column":12},"end":{"line":136,"column":null}}]},"5":{"loc":{"start":{"line":110,"column":23},"end":{"line":110,"column":58}},"type":"binary-expr","locations":[{"start":{"line":110,"column":23},"end":{"line":110,"column":52}},{"start":{"line":110,"column":56},"end":{"line":110,"column":58}}]},"6":{"loc":{"start":{"line":140,"column":11},"end":{"line":294,"column":null}},"type":"binary-expr","locations":[{"start":{"line":140,"column":12},"end":{"line":140,"column":41}},{"start":{"line":140,"column":45},"end":{"line":140,"column":76}},{"start":{"line":141,"column":12},"end":{"line":293,"column":null}}]},"7":{"loc":{"start":{"line":145,"column":23},"end":{"line":145,"column":58}},"type":"binary-expr","locations":[{"start":{"line":145,"column":23},"end":{"line":145,"column":52}},{"start":{"line":145,"column":56},"end":{"line":145,"column":58}}]},"8":{"loc":{"start":{"line":156,"column":23},"end":{"line":156,"column":61}},"type":"binary-expr","locations":[{"start":{"line":156,"column":23},"end":{"line":156,"column":55}},{"start":{"line":156,"column":59},"end":{"line":156,"column":61}}]},"9":{"loc":{"start":{"line":168,"column":23},"end":{"line":168,"column":53}},"type":"binary-expr","locations":[{"start":{"line":168,"column":23},"end":{"line":168,"column":47}},{"start":{"line":168,"column":51},"end":{"line":168,"column":53}}]},"10":{"loc":{"start":{"line":180,"column":23},"end":{"line":180,"column":54}},"type":"binary-expr","locations":[{"start":{"line":180,"column":23},"end":{"line":180,"column":48}},{"start":{"line":180,"column":52},"end":{"line":180,"column":54}}]},"11":{"loc":{"start":{"line":197,"column":23},"end":{"line":197,"column":64}},"type":"binary-expr","locations":[{"start":{"line":197,"column":23},"end":{"line":197,"column":50}},{"start":{"line":197,"column":54},"end":{"line":197,"column":64}}]},"12":{"loc":{"start":{"line":211,"column":29},"end":{"line":211,"column":69}},"type":"binary-expr","locations":[{"start":{"line":211,"column":29},"end":{"line":211,"column":60}},{"start":{"line":211,"column":64},"end":{"line":211,"column":69}}]},"13":{"loc":{"start":{"line":221,"column":15},"end":{"line":234,"column":null}},"type":"binary-expr","locations":[{"start":{"line":221,"column":15},"end":{"line":221,"column":46}},{"start":{"line":222,"column":16},"end":{"line":232,"column":null}}]},"14":{"loc":{"start":{"line":226,"column":20},"end":{"line":227,"column":79}},"type":"binary-expr","locations":[{"start":{"line":226,"column":20},"end":{"line":226,"column":51}},{"start":{"line":227,"column":21},"end":{"line":227,"column":78}}]},"15":{"loc":{"start":{"line":227,"column":21},"end":{"line":227,"column":78}},"type":"cond-expr","locations":[{"start":{"line":227,"column":53},"end":{"line":227,"column":65}},{"start":{"line":227,"column":68},"end":{"line":227,"column":78}}]},"16":{"loc":{"start":{"line":243,"column":19},"end":{"line":266,"column":20}},"type":"cond-expr","locations":[{"start":{"line":243,"column":44},"end":{"line":243,"column":46}},{"start":{"line":243,"column":44},"end":{"line":266,"column":20}}]},"17":{"loc":{"start":{"line":243,"column":19},"end":{"line":243,"column":46}},"type":"binary-expr","locations":[{"start":{"line":243,"column":19},"end":{"line":243,"column":46}},{"start":{"line":243,"column":44},"end":{"line":243,"column":46}}]},"18":{"loc":{"start":{"line":248,"column":38},"end":{"line":248,"column":65}},"type":"binary-expr","locations":[{"start":{"line":248,"column":38},"end":{"line":248,"column":48}},{"start":{"line":248,"column":52},"end":{"line":248,"column":65}}]},"19":{"loc":{"start":{"line":248,"column":38},"end":{"line":248,"column":48}},"type":"cond-expr","locations":[{"start":{"line":248,"column":41},"end":{"line":248,"column":43}},{"start":{"line":248,"column":38},"end":{"line":248,"column":48}}]},"20":{"loc":{"start":{"line":248,"column":38},"end":{"line":248,"column":43}},"type":"binary-expr","locations":[{"start":{"line":248,"column":38},"end":{"line":248,"column":43}},{"start":{"line":248,"column":38},"end":{"line":248,"column":43}}]},"21":{"loc":{"start":{"line":250,"column":25},"end":{"line":250,"column":44}},"type":"binary-expr","locations":[{"start":{"line":250,"column":25},"end":{"line":250,"column":35}},{"start":{"line":250,"column":39},"end":{"line":250,"column":44}}]},"22":{"loc":{"start":{"line":250,"column":25},"end":{"line":250,"column":35}},"type":"cond-expr","locations":[{"start":{"line":250,"column":28},"end":{"line":250,"column":30}},{"start":{"line":250,"column":25},"end":{"line":250,"column":35}}]},"23":{"loc":{"start":{"line":250,"column":25},"end":{"line":250,"column":30}},"type":"binary-expr","locations":[{"start":{"line":250,"column":25},"end":{"line":250,"column":30}},{"start":{"line":250,"column":25},"end":{"line":250,"column":30}}]},"24":{"loc":{"start":{"line":254,"column":49},"end":{"line":254,"column":80}},"type":"binary-expr","locations":[{"start":{"line":254,"column":49},"end":{"line":254,"column":74}},{"start":{"line":254,"column":78},"end":{"line":254,"column":80}}]},"25":{"loc":{"start":{"line":271,"column":39},"end":{"line":271,"column":82}},"type":"cond-expr","locations":[{"start":{"line":271,"column":64},"end":{"line":271,"column":66}},{"start":{"line":271,"column":64},"end":{"line":271,"column":82}}]},"26":{"loc":{"start":{"line":271,"column":39},"end":{"line":271,"column":66}},"type":"binary-expr","locations":[{"start":{"line":271,"column":39},"end":{"line":271,"column":66}},{"start":{"line":271,"column":64},"end":{"line":271,"column":66}}]},"27":{"loc":{"start":{"line":272,"column":20},"end":{"line":272,"column":48}},"type":"if","locations":[{"start":{"line":272,"column":20},"end":{"line":272,"column":48}}]},"28":{"loc":{"start":{"line":279,"column":46},"end":{"line":279,"column":77}},"type":"binary-expr","locations":[{"start":{"line":279,"column":46},"end":{"line":279,"column":71}},{"start":{"line":279,"column":75},"end":{"line":279,"column":77}}]},"29":{"loc":{"start":{"line":297,"column":11},"end":{"line":312,"column":null}},"type":"binary-expr","locations":[{"start":{"line":297,"column":11},"end":{"line":297,"column":39}},{"start":{"line":298,"column":12},"end":{"line":311,"column":null}}]},"30":{"loc":{"start":{"line":305,"column":23},"end":{"line":305,"column":61}},"type":"binary-expr","locations":[{"start":{"line":305,"column":23},"end":{"line":305,"column":55}},{"start":{"line":305,"column":59},"end":{"line":305,"column":61}}]},"31":{"loc":{"start":{"line":315,"column":11},"end":{"line":327,"column":null}},"type":"binary-expr","locations":[{"start":{"line":315,"column":11},"end":{"line":315,"column":42}},{"start":{"line":316,"column":12},"end":{"line":326,"column":null}}]},"32":{"loc":{"start":{"line":320,"column":23},"end":{"line":320,"column":55}},"type":"binary-expr","locations":[{"start":{"line":320,"column":23},"end":{"line":320,"column":49}},{"start":{"line":320,"column":53},"end":{"line":320,"column":55}}]},"33":{"loc":{"start":{"line":335,"column":19},"end":{"line":335,"column":55}},"type":"binary-expr","locations":[{"start":{"line":335,"column":19},"end":{"line":335,"column":49}},{"start":{"line":335,"column":53},"end":{"line":335,"column":55}}]},"34":{"loc":{"start":{"line":397,"column":17},"end":{"line":397,"column":44}},"type":"binary-expr","locations":[{"start":{"line":397,"column":17},"end":{"line":397,"column":38}},{"start":{"line":397,"column":42},"end":{"line":397,"column":44}}]},"35":{"loc":{"start":{"line":412,"column":23},"end":{"line":412,"column":67}},"type":"binary-expr","locations":[{"start":{"line":412,"column":23},"end":{"line":412,"column":58}},{"start":{"line":412,"column":62},"end":{"line":412,"column":67}}]},"36":{"loc":{"start":{"line":412,"column":23},"end":{"line":412,"column":58}},"type":"cond-expr","locations":[{"start":{"line":412,"column":47},"end":{"line":412,"column":49}},{"start":{"line":412,"column":47},"end":{"line":412,"column":58}}]},"37":{"loc":{"start":{"line":412,"column":23},"end":{"line":412,"column":49}},"type":"binary-expr","locations":[{"start":{"line":412,"column":23},"end":{"line":412,"column":49}},{"start":{"line":412,"column":47},"end":{"line":412,"column":49}}]},"38":{"loc":{"start":{"line":429,"column":17},"end":{"line":429,"column":71}},"type":"binary-expr","locations":[{"start":{"line":429,"column":17},"end":{"line":429,"column":58}},{"start":{"line":429,"column":62},"end":{"line":429,"column":71}}]},"39":{"loc":{"start":{"line":429,"column":17},"end":{"line":429,"column":58}},"type":"cond-expr","locations":[{"start":{"line":429,"column":41},"end":{"line":429,"column":43}},{"start":{"line":429,"column":41},"end":{"line":429,"column":58}}]},"40":{"loc":{"start":{"line":429,"column":17},"end":{"line":429,"column":43}},"type":"binary-expr","locations":[{"start":{"line":429,"column":17},"end":{"line":429,"column":43}},{"start":{"line":429,"column":41},"end":{"line":429,"column":43}}]},"41":{"loc":{"start":{"line":448,"column":23},"end":{"line":448,"column":69}},"type":"binary-expr","locations":[{"start":{"line":448,"column":23},"end":{"line":448,"column":60}},{"start":{"line":448,"column":64},"end":{"line":448,"column":69}}]},"42":{"loc":{"start":{"line":448,"column":23},"end":{"line":448,"column":60}},"type":"cond-expr","locations":[{"start":{"line":448,"column":47},"end":{"line":448,"column":49}},{"start":{"line":448,"column":47},"end":{"line":448,"column":60}}]},"43":{"loc":{"start":{"line":448,"column":23},"end":{"line":448,"column":49}},"type":"binary-expr","locations":[{"start":{"line":448,"column":23},"end":{"line":448,"column":49}},{"start":{"line":448,"column":47},"end":{"line":448,"column":49}}]},"44":{"loc":{"start":{"line":462,"column":9},"end":{"line":502,"column":null}},"type":"binary-expr","locations":[{"start":{"line":462,"column":9},"end":{"line":462,"column":46}},{"start":{"line":463,"column":10},"end":{"line":501,"column":null}}]},"45":{"loc":{"start":{"line":462,"column":9},"end":{"line":462,"column":46}},"type":"cond-expr","locations":[{"start":{"line":462,"column":33},"end":{"line":462,"column":35}},{"start":{"line":462,"column":33},"end":{"line":462,"column":46}}]},"46":{"loc":{"start":{"line":462,"column":9},"end":{"line":462,"column":35}},"type":"binary-expr","locations":[{"start":{"line":462,"column":9},"end":{"line":462,"column":35}},{"start":{"line":462,"column":33},"end":{"line":462,"column":35}}]},"47":{"loc":{"start":{"line":467,"column":21},"end":{"line":467,"column":73}},"type":"binary-expr","locations":[{"start":{"line":467,"column":21},"end":{"line":467,"column":60}},{"start":{"line":467,"column":64},"end":{"line":467,"column":73}}]},"48":{"loc":{"start":{"line":467,"column":21},"end":{"line":467,"column":60}},"type":"cond-expr","locations":[{"start":{"line":467,"column":45},"end":{"line":467,"column":47}},{"start":{"line":467,"column":45},"end":{"line":467,"column":60}}]},"49":{"loc":{"start":{"line":467,"column":21},"end":{"line":467,"column":47}},"type":"binary-expr","locations":[{"start":{"line":467,"column":21},"end":{"line":467,"column":47}},{"start":{"line":467,"column":45},"end":{"line":467,"column":47}}]},"50":{"loc":{"start":{"line":491,"column":21},"end":{"line":491,"column":78}},"type":"binary-expr","locations":[{"start":{"line":491,"column":21},"end":{"line":491,"column":64}},{"start":{"line":491,"column":68},"end":{"line":491,"column":78}}]},"51":{"loc":{"start":{"line":491,"column":21},"end":{"line":491,"column":64}},"type":"cond-expr","locations":[{"start":{"line":491,"column":45},"end":{"line":491,"column":47}},{"start":{"line":491,"column":45},"end":{"line":491,"column":64}}]},"52":{"loc":{"start":{"line":491,"column":21},"end":{"line":491,"column":47}},"type":"binary-expr","locations":[{"start":{"line":491,"column":21},"end":{"line":491,"column":47}},{"start":{"line":491,"column":45},"end":{"line":491,"column":47}}]},"53":{"loc":{"start":{"line":514,"column":17},"end":{"line":514,"column":60}},"type":"binary-expr","locations":[{"start":{"line":514,"column":17},"end":{"line":514,"column":50}},{"start":{"line":514,"column":54},"end":{"line":514,"column":60}}]},"54":{"loc":{"start":{"line":514,"column":17},"end":{"line":514,"column":50}},"type":"cond-expr","locations":[{"start":{"line":514,"column":41},"end":{"line":514,"column":43}},{"start":{"line":514,"column":41},"end":{"line":514,"column":50}}]},"55":{"loc":{"start":{"line":514,"column":17},"end":{"line":514,"column":43}},"type":"binary-expr","locations":[{"start":{"line":514,"column":17},"end":{"line":514,"column":43}},{"start":{"line":514,"column":41},"end":{"line":514,"column":43}}]},"56":{"loc":{"start":{"line":536,"column":17},"end":{"line":536,"column":64}},"type":"binary-expr","locations":[{"start":{"line":536,"column":17},"end":{"line":536,"column":55}},{"start":{"line":536,"column":59},"end":{"line":536,"column":64}}]},"57":{"loc":{"start":{"line":536,"column":17},"end":{"line":536,"column":55}},"type":"cond-expr","locations":[{"start":{"line":536,"column":41},"end":{"line":536,"column":43}},{"start":{"line":536,"column":41},"end":{"line":536,"column":55}}]},"58":{"loc":{"start":{"line":536,"column":17},"end":{"line":536,"column":43}},"type":"binary-expr","locations":[{"start":{"line":536,"column":17},"end":{"line":536,"column":43}},{"start":{"line":536,"column":41},"end":{"line":536,"column":43}}]},"59":{"loc":{"start":{"line":549,"column":9},"end":{"line":568,"column":null}},"type":"binary-expr","locations":[{"start":{"line":549,"column":9},"end":{"line":549,"column":40}},{"start":{"line":550,"column":10},"end":{"line":566,"column":null}}]},"60":{"loc":{"start":{"line":558,"column":26},"end":{"line":558,"column":70}},"type":"binary-expr","locations":[{"start":{"line":558,"column":26},"end":{"line":558,"column":63}},{"start":{"line":558,"column":67},"end":{"line":558,"column":70}}]},"61":{"loc":{"start":{"line":558,"column":26},"end":{"line":558,"column":63}},"type":"cond-expr","locations":[{"start":{"line":558,"column":50},"end":{"line":558,"column":52}},{"start":{"line":558,"column":50},"end":{"line":558,"column":63}}]},"62":{"loc":{"start":{"line":558,"column":26},"end":{"line":558,"column":52}},"type":"binary-expr","locations":[{"start":{"line":558,"column":26},"end":{"line":558,"column":52}},{"start":{"line":558,"column":50},"end":{"line":558,"column":52}}]}},"s":{"0":0,"1":0,"2":0,"3":0,"4":0,"5":0,"6":0,"7":0,"8":0,"9":0,"10":0,"11":0,"12":0,"13":0,"14":0,"15":0,"16":0,"17":0,"18":0,"19":0,"20":0,"21":0,"22":0,"23":0,"24":0,"25":0,"26":0,"27":0,"28":0,"29":0,"30":0,"31":0,"32":0,"33":0,"34":0,"35":0,"36":0,"37":0,"38":0,"39":0,"40":0,"41":0,"42":0,"43":0,"44":0,"45":0,"46":0,"47":0,"48":0,"49":0,"50":0,"51":0,"52":0,"53":0,"54":0,"55":0,"56":0,"57":0,"58":0},"f":{"0":0,"1":0,"2":0,"3":0,"4":0,"5":0,"6":0,"7":0,"8":0,"9":0,"10":0,"11":0,"12":0,"13":0,"14":0,"15":0,"16":0,"17":0,"18":0,"19":0,"20":0,"21":0,"22":0,"23":0,"24":0,"25":0,"26":0,"27":0,"28":0,"29":0,"30":0,"31":0,"32":0,"33":0,"34":0,"35":0,"36":0},"b":{"0":[0],"1":[0],"2":[0],"3":[0,0],"4":[0,0,0,0],"5":[0,0],"6":[0,0,0],"7":[0,0],"8":[0,0],"9":[0,0],"10":[0,0],"11":[0,0],"12":[0,0],"13":[0,0],"14":[0,0],"15":[0,0],"16":[0,0],"17":[0,0],"18":[0,0],"19":[0,0],"20":[0,0],"21":[0,0],"22":[0,0],"23":[0,0],"24":[0,0],"25":[0,0],"26":[0,0],"27":[0],"28":[0,0],"29":[0,0],"30":[0,0],"31":[0,0],"32":[0,0],"33":[0,0],"34":[0,0],"35":[0,0],"36":[0,0],"37":[0,0],"38":[0,0],"39":[0,0],"40":[0,0],"41":[0,0],"42":[0,0],"43":[0,0],"44":[0,0],"45":[0,0],"46":[0,0],"47":[0,0],"48":[0,0],"49":[0,0],"50":[0,0],"51":[0,0],"52":[0,0],"53":[0,0],"54":[0,0],"55":[0,0],"56":[0,0],"57":[0,0],"58":[0,0],"59":[0,0],"60":[0,0],"61":[0,0],"62":[0,0]}}
,"/Users/jimmy/Desktop/projects/holywater-test/frontend/src/components/builder/SectionEditor.tsx": {"path":"/Users/jimmy/Desktop/projects/holywater-test/frontend/src/components/builder/SectionEditor.tsx","statementMap":{"0":{"start":{"line":3,"column":0},"end":{"line":3,"column":72}},"1":{"start":{"line":7,"column":22},"end":{"line":9,"column":1}},"2":{"start":{"line":8,"column":2},"end":{"line":8,"column":50}},"3":{"start":{"line":11,"column":0},"end":{"line":11,"column":29}}},"fnMap":{"0":{"name":"(anonymous_0)","decl":{"start":{"line":7,"column":22},"end":{"line":7,"column":23}},"loc":{"start":{"line":7,"column":52},"end":{"line":9,"column":1}}}},"branchMap":{},"s":{"0":0,"1":0,"2":0,"3":0},"f":{"0":0},"b":{}}
,"/Users/jimmy/Desktop/projects/holywater-test/frontend/src/components/builder/SectionItemList.tsx": {"path":"/Users/jimmy/Desktop/projects/holywater-test/frontend/src/components/builder/SectionItemList.tsx","statementMap":{"0":{"start":{"line":1,"column":0},"end":{"line":1,"column":50}},"1":{"start":{"line":4,"column":0},"end":{"line":4,"column":43}},"2":{"start":{"line":5,"column":0},"end":{"line":5,"column":81}},"3":{"start":{"line":7,"column":0},"end":{"line":7,"column":38}},"4":{"start":{"line":9,"column":31},"end":{"line":186,"column":1}},"5":{"start":{"line":23,"column":62},"end":{"line":27,"column":4}},"6":{"start":{"line":30,"column":2},"end":{"line":36,"column":3}},"7":{"start":{"line":31,"column":4},"end":{"line":35,"column":6}},"8":{"start":{"line":38,"column":2},"end":{"line":44,"column":3}},"9":{"start":{"line":39,"column":4},"end":{"line":43,"column":6}},"10":{"start":{"line":47,"column":21},"end":{"line":64,"column":3}},"11":{"start":{"line":48,"column":4},"end":{"line":54,"column":5}},"12":{"start":{"line":49,"column":6},"end":{"line":53,"column":8}},"13":{"start":{"line":56,"column":4},"end":{"line":63,"column":6}},"14":{"start":{"line":60,"column":23},"end":{"line":60,"column":56}},"15":{"start":{"line":61,"column":39},"end":{"line":61,"column":60}},"16":{"start":{"line":67,"column":2},"end":{"line":185,"column":3}},"17":{"start":{"line":70,"column":6},"end":{"line":84,"column":8}},"18":{"start":{"line":78,"column":14},"end":{"line":78,"column":33}},"19":{"start":{"line":88,"column":6},"end":{"line":104,"column":8}},"20":{"start":{"line":97,"column":16},"end":{"line":97,"column":35}},"21":{"start":{"line":108,"column":6},"end":{"line":122,"column":8}},"22":{"start":{"line":117,"column":16},"end":{"line":117,"column":36}},"23":{"start":{"line":126,"column":6},"end":{"line":140,"column":8}},"24":{"start":{"line":135,"column":16},"end":{"line":135,"column":36}},"25":{"start":{"line":144,"column":6},"end":{"line":166,"column":8}},"26":{"start":{"line":153,"column":16},"end":{"line":153,"column":35}},"27":{"s
[...]
}},"loc":{"start":{"line":137,"column":29},"end":{"line":137,"column":59}}},"4":{"name":"(anonymous_5)","decl":{"start":{"line":143,"column":23},"end":{"line":143,"column":26}},"loc":{"start":{"line":143,"column":29},"end":{"line":143,"column":63}}},"5":{"name":"(anonymous_6)","decl":{"start":{"line":179,"column":46},"end":{"line":179,"column":47}},"loc":{"start":{"line":179,"column":53},"end":{"line":179,"column":57}}},"6":{"name":"(anonymous_7)","decl":{"start":{"line":182,"column":40},"end":{"line":182,"column":41}},"loc":{"start":{"line":183,"column":20},"end":{"line":184,"column":null}}},"7":{"name":"(anonymous_8)","decl":{"start":{"line":187,"column":39},"end":{"line":187,"column":40}},"loc":{"start":{"line":188,"column":24},"end":{"line":188,"column":65}}},"8":{"name":"(anonymous_9)","decl":{"start":{"line":190,"column":39},"end":{"line":190,"column":42}},"loc":{"start":{"line":190,"column":45},"end":{"line":190,"column":70}}},"9":{"name":"(anonymous_10)","decl":{"start":{"line":191,"column":37},"end":{"line":191,"column":38}},"loc":{"start":{"line":191,"column":56},"end":{"line":191,"column":82}}},"10":{"name":"(anonymous_11)","decl":{"start":{"line":192,"column":39},"end":{"line":192,"column":40}},"loc":{"start":{"line":192,"column":46},"end":{"line":198,"column":23}}},"11":{"name":"(anonymous_12)","decl":{"start":{"line":199,"column":36},"end":{"line":199,"column":37}},"loc":{"start":{"line":199,"column":58},"end":{"line":205,"column":23}}},"12":{"name":"(anonymous_13)","decl":{"start":{"line":218,"column":29},"end":{"line":218,"column":32}},"loc":{"start":{"line":218,"column":35},"end":{"line":218,"column":66}}},"13":{"name":"(anonymous_14)","decl":{"start":{"line":233,"column":33},"end":{"line":233,"column":34}},"loc":{"start":{"line":234,"column":18},"end":{"line":234,"column":79}}},"14":{"name":"(anonymous_15)","decl":{"start":{"line":236,"column":30},"end":{"line":236,"column":31}},"loc":{"start":{"line":236,"column":58},"end":{"line":238,"column":17}}}},"branchMap":{"0":{"loc":{"start":{"line":95,"column":20},"end":{"line":95,"column":38}},"type":"binary-expr","locations":[{"start":{"line":95,"column":20},"end":{"line":95,"column":32}},{"start":{"line":95,"column":36},"end":{"line":95,"column":38}}]},"1":{"loc":{"start":{"line":95,"column":20},"end":{"line":95,"column":32}},"type":"cond-expr","locations":[{"start":{"line":95,"column":26},"end":{"line":95,"column":28}},{"start":{"line":95,"column":20},"end":{"line":95,"column":32}}]},"2":{"loc":{"start":{"line":95,"column":20},"end":{"line":95,"column":28}},"type":"binary-expr","locations":[{"start":{"line":95,"column":20},"end":{"line":95,"column":28}},{"start":{"line":95,"column":20},"end":{"line":95,"column":28}}]},"3":{"loc":{"start":{"line":108,"column":31},"end":{"line":108,"column":47}},"type":"cond-expr","locations":[{"start":{"line":108,"column":37},"end":{"line":108,"column":39}},{"start":{"line":108,"column":31},"end":{"line":108,"column":47}}]},"4":{"loc":{"start":{"line":108,"column":31},"end":{"line":108,"column":39}},"type":"binary-expr","locations":[{"start":{"line":108,"column":31},"end":{"line":108,"column":39}},{"start":{"line":108,"column":31},"end":{"line":108,"column":39}}]},"5":{"loc":{"start":{"line":109,"column":25},"end":{"line":109,"column":36}},"type":"cond-expr","locations":[{"start":{"line":109,"column":31},"end":{"line":109,"column":33}},{"start":{"line":109,"column":25},"end":{"line":109,"column":36}}]},"6":{"loc":{"start":{"line":109,"column":25},"end":{"line":109,"column":33}},"type":"binary-expr","locations":[{"start":{"line":109,"column":25},"end":{"line":109,"column":33}},{"start":{"line":109,"column":25},"end":{"line":109,"column":33}}]},"7":{"loc":{"start":{"line":113,"column":7},"end":{"line":250,"column":null}},"type":"cond-expr","locations":[{"start":{"line":114,"column":8},"end":{"line":123,"column":null}},{"start":{"line":126,"column":8},"end":{"line":249,"column":null}}]},"8":{"loc":{"start":{"line":122,"column":31},"end":{"line":122,"column":91}},"type":"cond-expr","locations":[{"start":{"line":122,"column":41},"end":{"line":122,"column":86}},{"start":{"line":122,"column":89},"end":{"line":122,"column":91}}]},"9":{"loc":{"start":{"line":130,"column":32},"end":{"line":130,"column":95}},"type":"cond-expr","locations":[{"start":{"line":130,"column":66},"end":{"line":130,"column":79}},{"start":{"line":130,"column":82},"end":{"line":130,"column":95}}]},"10":{"loc":{"start":{"line":136,"column":32},"end":{"line":136,"column":94}},"type":"cond-expr","locations":[{"start":{"line":136,"column":65},"end":{"line":136,"column":78}},{"start":{"line":136,"column":81},"end":{"line":136,"column":94}}]},"11":{"loc":{"start":{"line":142,"column":32},"end":{"line":142,"column":98}},"type":"cond-expr","locations":[{"start":{"line":142,"column":69},"end":{"line":142,"column":82}},{"start":{"line":142,"column":85},"end":{"line":142,"column":98}}]},"12":{"loc":{"start":{"line":152,"column":142},"end":{"line":152,"column":203}},"type":"cond-expr","locations":[{"start":{"line":152,"column":176},"end":{"line":152,"column":183}},{"start":{"line":152,"column":186},"end":{"line":152,"column":203}}]},"13":{"loc":{"start":{"line":164,"column":83},"end":{"line":164,"column":143}},"type":"cond-expr","locations":[{"start":{"line":164,"column":116},"end":{"line":164,"column":123}},{"start":{"line":164,"column":126},"end":{"line":164,"column":143}}]},"14":{"loc":{"start":{"line":168,"column":17},"end":{"line":168,"column":99}},"type":"binary-expr","locations":[{"start":{"line":168,"column":17},"end":{"line":168,"column":24}},{"start":{"line":168,"column":28},"end":{"line":168,"column":99}}]},"15":{"loc":{"start":{"line":179,"column":25},"end":{"line":179,"column":64}},"type":"binary-expr","locations":[{"start":{"line":179,"column":25},"end":{"line":179,"column":58}},{"start":{"line":179,"column":62},"end":{"line":179,"column":64}}]},"16":{"loc":{"start":{"line":179,"column":25},"end":{"line":179,"column":58}},"type":"cond-expr","locations":[{"start":{"line":179,"column":31},"end":{"line":179,"column":33}},{"start":{"line":179,"column":25},"end":{"line":179,"column":58}}]},"17":{"loc":{"start":{"line":179,"column":25},"end":{"line":179,"column":33}},"type":"binary-expr","locations":[{"start":{"line":179,"column":25},"end":{"line":179,"column":33}},{"start":{"line":179,"column":25},"end":{"line":179,"column":33}}]},"18":{"loc":{"start":{"line":182,"column":19},"end":{"line":209,"column":20}},"type":"cond-expr","locations":[{"start":{"line":182,"column":25},"end":{"line":182,"column":27}},{"start":{"line":182,"column":19},"end":{"line":209,"column":20}}]},"19":{"loc":{"start":{"line":182,"column":19},"end":{"line":182,"column":27}},"type":"binary-expr","locations":[{"start":{"line":182,"column":19},"end":{"line":182,"column":27}},{"start":{"line":182,"column":19},"end":{"line":182,"column":27}}]},"20":{"loc":{"start":{"line":195,"column":24},"end":{"line":197,"column":25}},"type":"if","locations":[{"start":{"line":195,"column":24},"end":{"line":197,"column":25}}]},"21":{"loc":{"start":{"line":202,"column":24},"end":{"line":204,"column":25}},"type":"if","locations":[{"start":{"line":202,"column":24},"end":{"line":204,"column":25}}]},"22":{"loc":{"start":{"line":213,"column":15},"end":{"line":222,"column":null}},"type":"binary-expr","locations":[{"start":{"line":213,"column":16},"end":{"line":213,"column":23}},{"start":{"line":213,"column":27},"end":{"line":213,"column":55}},{"start":{"line":214,"column":16},"end":{"line":221,"column":null}}]},"23":{"loc":{"start":{"line":228,"column":142},"end":{"line":228,"column":206}},"type":"cond-expr","locations":[{"start":{"line":228,"column":179},"end":{"line":228,"column":186}},{"start":{"line":228,"column":189},"end":{"line":228,"column":206}}]},"24":{"loc":{"start":{"line":234,"column":18},"end":{"line":234,"column":79}},"type":"binary-expr","locations":[{"start":{"line":234,"column":18},"end":{"line":234,"column":33}},{"start":{"line":234,"column":37},"end":{"line":234,"column":79}}]},"25":{"loc":{"start":{"line":245,"column":22},"end":{"line":245,"column":82}},"type":"cond-expr","locations":[{"start":{"line":245,"column":32},"end":{"line":245,"column":77}},{"start":{"line":245,"column":80},"end":{"line":245,"column":82}}]}},"s":{"0":0,"1":0,"2":0,"3":0,"4":0,"5":0,"6":0,"7":0,"8":0,"9":0,"10":0,"11":0,"12":0,"13":0,"14":0,"15":0,"16":0,"17":0,"18":0,"19":0,"20":0,"21":0,"22":0,"23":0,"24":0,"25":0,"26":0,"27":0,"28":0,"29":0,"30":0,"31":0,"32":0,"33":0,"34":0,"35":0,"36":0},"f":{"0":0,"1":0,"2":0,"3":0,"4":0,"5":0,"6":0,"7":0,"8":0,"9":0,"10":0,"11":0,"12":0,"13":0,"14":0},"b":{"0":[0,0],"1":[0,0],"2":[0,0],"3":[0,0],"4":[0,0],"5":[0,0],"6":[0,0],"7":[0,0],"8":[0,0],"9":[0,0],"10":[0,0],"11":[0,0],"12":[0,0],"13":[0,0],"14":[0,0],"15":[0,0],"16":[0,0],"17":[0,0],"18":[0,0],"19":[0,0],"20":[0],"21":[0],"22":[0,0,0],"23":[0,0],"24":[0,0],"25":[0,0]}}
,"/Users/jimmy/Desktop/projects/holywater-test/frontend/src/pages/HomePage/HomePage.tsx": {"path":"/Users/jimmy/Desktop/projects/holywater-test/frontend/src/pages/HomePage/HomePage.tsx","statementMap":{"0":{"start":{"line":1,"column":0},"end":{"line":1,"column":37}},"1":{"start":{"line":3,"column":0},"end":{"line":3,"column":40}},"2":{"start":{"line":5,"column":17},"end":{"line":59,"column":1}},"3":{"start":{"line":6,"column":2},"end":{"line":58,"column":4}},"4":{"start":{"line":61,"column":0},"end":{"line":61,"column":24}}},"fnMap":{"0":{"name":"(anonymous_0)","decl":{"start":{"line":5,"column":17},"end":{"line":5,"column":20}},"loc":{"start":{"line":5,"column":22},"end":{"line":59,"column":1}}}},"branchMap":{},"s":{"0":0,"1":0,"2":0,"3":0,"4":0},"f":{"0":0},"b":{}}
,"/Users/jimmy/Desktop/projects/holywater-test/frontend/src/pages/NotFoundPage/index.tsx": {"path":"/Users/jimmy/Desktop/projects/holywater-test/frontend/src/pages/NotFoundPage/index.tsx","statementMap":{"0":{"start":{"line":1,"column":0},"end":{"line":1,"column":37}},"1":{"start":{"line":3,"column":0},"end":{"line":3,"column":40}},"2":{"start":{"line":5,"column":21},"end":{"line":22,"column":1}},"3":{"start":{"line":6,"column":2},"end":{"line":21,"column":4}},"4":{"start":{"line":24,"column":0},"end":{"line":24,"column":28}}},"fnMap":{"0":{"name":"(anonymous_0)","decl":{"start":{"line":5,"column":21},"end":{"line":5,"column":24}},"loc":{"start":{"line":5,"column":26},"end":{"line":22,"column":1}}}},"branchMap":{},"s":{"0":0,"1":0,"2":0,"3":0,"4":0},"f":{"0":0},"b":{}}
,"/Users/jimmy/Desktop/projects/holywater-test/frontend/src/services/api/screenConfigApi.ts": {"path":"/Users/jimmy/Desktop/projects/holywater-test/frontend/src/services/api/screenConfigApi.ts","statementMap":{"0":{"start":{"line":3,"column":0},"end":{"line":3,"column":28}},"1":{"start":{"line":14,"column":23},"end":{"line":27,"column":1}},"2":{"start":{"line":15,"column":2},"end":{"line":26,"column":3}},"3":{"start":{"line":16,"column":4},"end":{"line":20,"column":6}},"4":{"start":{"line":22,"column":4},"end":{"line":25,"column":6}},"5":{"start":{"line":30,"column":20},"end":{"line":33,"column":2}},"6":{"start":{"line":30,"column":61},"end":{"line":33,"column":2}},"7":{"start":{"line":36,"column":32},"end":{"line":47,"column":2}},"8":{"start":{"line":36,"column":81},"end":{"line":47,"column":2}},"9":{"start":{"line":37,"column":2},"end":{"line":46,"column":3}},"10":{"start":{"line":38,"column":21},"end":{"line":38,"column":55}},"11":{"start":{"line":39,"column":4},"end":{"line":43,"column":6}},"12":{"start":{"line":45,"column":4},"end":{"line":45,"column":90}},"13":{"start":{"line":36,"column":13},"end":{"line":36,"column":32}},"14":{"start":{"line":50,"column":37},"end":{"line":57,"column":2}},"15":{"start":{"line":50,"column":84},"end":{"line":57,"column":2}},"16":{"start":{"line":51,"column":2},"end":{"line":56,"column":3}},"17":{"start":{"line":52,"column":21},"end":{"line":52,"column":47}},"18":{"start":{"line":53,"column":4},"end":{"line":53,"column":50}},"19":{"start":{"line":55,"column":4},"end":{"line":55,"column":88}},"20":{"start":{"line":50,"column":13},"end":{"line":50,"column":37}},"21":{"start":{"line":60,"column":35},"end":{"line":67,"column":2}},"22":{"start":{"line":60,"column":92},"end":{"line":67,"column":2}},"23":{"start":{"line":61,"column":2},"end":{"line":66,"column":3}},"24":{"start":{"line":62,"column":21},"end":{"line":62,"column":61}},"25":{"start":{"line":63,"column":4},"end":{"line":63,"column":50}},"26":{"start":{"line":65,"column":4},"end":{"line":65,"column":80}},"27":{"start":{"line":60,"column":13},"end":{"line":60,"column":35}},"28":{"start":{"line":70,"column":34},"end":{"line":79,"column":2}},"29":{"start":{"line":72,"column":40},"end":{"line":79,"column":2}},"30":{"start":{"line":73,"column":2},"end":{"line":78,"column":3}},"31":{"start":{"line":74,"column":21},"end":{"line":74,"column":62}},"32":{"start":{"line":75,"column":4},"end":{"line":75,"column":50}},"33":{"start":{"line":77,"column":4},"end":{"line":77,"column":80}},"34":{"start":{"line":70,"column":13},"end":{"line":70,"column":34}},"35":{"start":{"line":82,"column":34},"end":{"line":92,"column":2}},"36":{"start":{"line":85,"column":40},"end":{"line":92,"column":2}},"37":{"start":{"line":86,"column":2},"end":{"line":91,"column":3}},"38":{"start":{"line":87,"column":21},"end":{"line":87,"column":67}},"39":{"start":{"line":88,"column":4},"end":{"line":88,"column":50}},"40":{"start":{"line":90,"column":4},"end":{"line":90,"column":79}},"41":{"start":{"line":82,"column":13},"end":{"line":82,"column":34}},"42":{"start":{"line":95,"column":36},"end":{"line":102,"column":2}},"43":{"start":{"line":95,"column":93},"end":{"line":102,"column":2}},"44":{"start":{"line":96,"column":2},"end":{"line":101,"column":3}},"45":{"start":{"line":97,"column":21},"end":{"line":97,"column":70}},"46":{"start":{"line":98,"column":4},"end":{"line":98,"column":50}},"47":{"start":{"line":100,"column":4},"end":{"line":100,"column":82}},"48":{"start":{"line":95,"column":13},"end":{"line":95,"column":36}},"49":{"start":{"line":105,"column":34},"end":{"line":112,"column":2}},"50":{"start":{"line":105,"column":83},"end":{"line":112,"column":2}},"51":{"start":{"line":106,"column":2},"end":{"line":111,"column":3}},"52":{"start":{"line":107,"column":21},"end":{"line":107,"column":64}},"53":{"start":{"line":108,"column":4},"end":{"line":108,"column":42}},"54":{"start":{"line":110,"column":4},"end":{"line":110,"column":72}},"55":{"start":{"line":105,"column":13},"end":{"line":105,"column":34}}},"fnMap":{"0":{"name":"(anonymous_8)","decl":{"start":{"line":14,"column":23},"end":{"line":14,"column":27}},"loc":{"start":{"line":14,"column":85},"end":{"line":27,"column":1}}},"1":{"name":"(anonymous_9)","decl":{"start":{"line":30,"column":20},"end":{"line":30,"column":24}},"loc":{"start":{"line":30,"column":61},"end":{"line":33,"column":2}}},"2":{"name":"(anonymous_10)","decl":{"start":{"line":36,"column":32},"end":{"line":36,"column":79}},"loc":{"start":{"line":36,"column":81},"end":{"line":47,"column":2}}},"3":{"name":"(anonymous_11)","decl":{"start":{"line":36,"column":81},"end":{"line":36,"column":null}},"loc":{"start":{"line":36,"column":81},"end":{"line":47,"column":1}}},"4":{"name":"(anonymous_12)","decl":{"start":{"line":50,"column":37},"end":{"line":50,"column":82}},"loc":{"start":{"line":50,"column":84},"end":{"line":57,"column":2}}},"5":{"name":"(anonymous_13)","decl":{"start":{"line":50,"column":84},"end":{"line":50,"column":null}},"loc":{"start":{"line":50,"column":84},"end":{"line":57,"column":1}}},"6":{"name":"(anonymous_14)","decl":{"start":{"line":60,"column":35},"end":{"line":60,"column":42}},"loc":{"start":{"line":60,"column":92},"end":{"line":67,"column":2}}},"7":{"name":"(anonymous_15)","decl":{"start":{"line":60,"column":92},"end":{"line":60,"column":null}},"loc":{"start":{"line":60,"column":92},"end":{"line":67,"column":1}}},"8":{"name":"(anonymous_16)","decl":{"start":{"line":70,"column":34},"end":{"line":70,"column":null}},"loc":{"start":{"line":72,"column":40},"end":{"line":79,"column":2}}},"9":{"name":"(anonymous_17)","decl":{"start":{"line":72,"column":40},"end":{"line":72,"column":null}},"loc":{"start":{"line":72,"column":40},"end":{"line":79,"column":1}}},"10":{"name":"(anonymous_18)","decl":{"start":{"line":82,"column":34},"end":{"line":82,"column":null}},"loc":{"start":{"line":85,"column":40},"end":{"line":92,"column":2}}},"11":{"name":"(anonymous_19)","decl":{"start":{"line":85,"column":40},"end":{"line":85,"column":null}},"loc":{"start":{"line":85,"column":40},"end":{"line":92,"column":1}}},"12":{"name":"(anonymous_20)","decl":{"start":{"line":95,"column":36},"end":{"line":95,"column":43}},"loc":{"start":{"line":95,"column":93},"end":{"line":102,"column":2}}},"13":{"name":"(anonymous_21)","decl":{"start":{"line":95,"column":93},"end":{"line":95,"column":null}},"loc":{"start":{"line":95,"column":93},"end":{"line":102,"column":1}}},"14":{"name":"(anonymous_22)","decl":{"start":{"line":105,"column":34},"end":{"line":105,"column":41}},"loc":{"start":{"line":105,"column":83},"end":{"line":112,"column":2}}},"15":{"name":"(anonymous_23)","decl":{"start":{"line":105,"column":83},"end":{"line":105,"column":null}},"loc":{"start":{"line":105,"column":83},"end":{"line":112,"column":1}}}},"branchMap":{"0":{"loc":{"start":{"line":15,"column":2},"end":{"line":26,"column":3}},"type":"if","locations":[{"start":{"line":15,"column":2},"end":{"line":26,"column":3}},{"start":{"line":21,"column":9},"end":{"line":26,"column":3}}]},"1":{"loc":{"start":{"line":24,"column":13},"end":{"line":24,"column":54}},"type":"binary-expr","locations":[{"start":{"line":24,"column":13},"end":{"line":24,"column":32}},{"start":{"line":24,"column":36},"end":{"line":24,"column":54}}]}},"s":{"0":1,"1":1,"2":8,"3":6,"4":2,"5":1,"6":7,"7":1,"8":2,"9":2,"10":2,"11":1,"12":1,"13":1,"14":1,"15":4,"16":4,"17":4,"18":3,"19":1,"20":1,"21":1,"22":2,"23":2,"24":2,"25":1,"26":1,"27":1,"28":1,"29":2,"30":2,"31":2,"32":1,"33":1,"34":1,"35":1,"36":2,"37":2,"38":2,"39":1,"40":1,"41":1,"42":1,"43":2,"44":2,"45":2,"46":1,"47":1,"48":1,"49":1,"50":2,"51":2,"52":2,"53":1,"54":1,"55":1},"f":{"0":8,"1":7,"2":2,"3":2,"4":4,"5":4,"6":2,"7":2,"8":2,"9":2,"10":2,"11":2,"12":2,"13":2,"14":2,"15":2},"b":{"0":[6,2],"1":[2,1]}}
,"/Users/jimmy/Desktop/projects/holywater-test/frontend/src/utils/consts.ts": {"path":"/Users/jimmy/Desktop/projects/holywater-test/frontend/src/utils/consts.ts","statementMap":{"0":{"start":{"line":4,"column":13},"end":{"line":12,"column":2}},"1":{"start":{"line":15,"column":13},"end":{"line":23,"column":2}},"2":{"start":{"line":26,"column":13},"end":{"line":53,"column":4}},"3":{"start":{"line":56,"column":13},"end":{"line":56,"column":88}},"4":{"start":{"line":59,"column":13},"end":{"line":88,"column":2}},"5":{"start":{"line":91,"column":13},"end":{"line":97,"column":2}},"6":{"start":{"line":100,"column":13},"end":{"line":108,"column":2}}},"fnMap":{},"branchMap":{},"s":{"0":0,"1":0,"2":0,"3":0,"4":0,"5":0,"6":0},"f":{},"b":{}}
,"/Users/jimmy/Desktop/projects/holywater-test/frontend/src/utils/paths.ts": {"path":"/Users/jimmy/Desktop/projects/holywater-test/frontend/src/utils/paths.ts","statementMap":{"0":{"start":{"line":1,"column":13},"end":{"line":4,"column":2}}},"fnMap":{},"branchMap":{},"s":{"0":0},"f":{},"b":{}}
,"/Users/jimmy/Desktop/projects/holywater-test/frontend/src/utils/styles.ts": {"path":"/Users/jimmy/Desktop/projects/holywater-test/frontend/src/utils/styles.ts","statementMap":{"0":{"start":{"line":1,"column":0},"end":{"line":1,"column":41}},"1":{"start":{"line":4,"column":18},"end":{"line":6,"column":1}},"2":{"start":{"line":5,"column":2},"end":{"line":5,"column":54}},"3":{"start":{"line":4,"column":13},"end":{"line":4,"column":18}}},"fnMap":{"0":{"name":"(anonymous_0)","decl":{"start":{"line":4,"column":18},"end":{"line":4,"column":19}},"loc":{"start":{"line":4,"column":72},"end":{"line":6,"column":1}}}},"branchMap":{},"s":{"0":0,"1":0,"2":0,"3":0},"f":{"0":0},"b":{}}
}
