TN:
SF:src/App.tsx
FN:8,(anonymous_1)
FNF:1
FNH:0
FNDA:0,(anonymous_1)
DA:1,0
DA:2,0
DA:3,0
DA:4,0
DA:6,0
DA:8,0
DA:9,0
DA:18,0
LF:8
LH:0
BRF:0
BRH:0
end_of_record
TN:
SF:src/components/builder/BuilderToolbar.tsx
FN:19,(anonymous_1)
FN:65,(anonymous_2)
FN:83,(anonymous_3)
FN:165,(anonymous_4)
FN:176,(anonymous_5)
FN:187,(anonymous_6)
FN:199,(anonymous_7)
FN:211,(anonymous_8)
FN:227,(anonymous_9)
FN:241,(anonymous_10)
FN:275,(anonymous_11)
FN:320,(anonymous_12)
FN:326,(anonymous_13)
FNF:13
FNH:0
FNDA:0,(anonymous_1)
FNDA:0,(anonymous_2)
FNDA:0,(anonymous_3)
FNDA:0,(anonymous_4)
FNDA:0,(anonymous_5)
FNDA:0,(anonymous_6)
FNDA:0,(anonymous_7)
FNDA:0,(anonymous_8)
FNDA:0,(anonymous_9)
FNDA:0,(anonymous_10)
FNDA:0,(anonymous_11)
FNDA:0,(anonymous_12)
FNDA:0,(anonymous_13)
DA:1,0
DA:2,0
DA:3,0
DA:4,0
DA:5,0
DA:7,0
DA:8,0
DA:19,0
DA:49,0
DA:63,0
DA:65,0
DA:66,0
DA:69,0
DA:83,0
DA:166,0
DA:167,0
DA:177,0
DA:178,0
DA:188,0
DA:189,0
DA:200,0
DA:201,0
DA:212,0
DA:213,0
DA:228,0
DA:229,0
DA:242,0
DA:243,0
DA:275,0
DA:320,0
DA:326,0
DA:354,0
LF:32
LH:0
BRDA:30,0,0,0
BRDA:31,1,0,0
BRDA:84,2,0,0
BRDA:84,2,1,0
BRDA:91,3,0,0
BRDA:91,3,1,0
BRDA:109,4,0,0
BRDA:109,4,1,0
BRDA:122,5,0,0
BRDA:122,5,1,0
BRDA:124,6,0,0
BRDA:124,6,1,0
BRDA:126,7,0,0
BRDA:126,7,1,0
BRDA:128,8,0,0
BRDA:128,8,1,0
BRDA:133,9,0,0
BRDA:133,9,1,0
BRDA:137,10,0,0
BRDA:137,10,1,0
BRDA:141,11,0,0
BRDA:141,11,1,0
BRDA:148,12,0,0
BRDA:148,12,1,0
BRDA:160,13,0,0
BRDA:160,13,1,0
BRDA:196,14,0,0
BRDA:196,14,1,0
BRDA:220,15,0,0
BRDA:220,15,1,0
BRDA:223,16,0,0
BRDA:223,16,1,0
BRDA:231,17,0,0
BRDA:231,17,1,0
BRDA:233,18,0,0
BRDA:233,18,1,0
BRDA:239,19,0,0
BRDA:239,19,1,0
BRDA:247,20,0,0
BRDA:247,20,1,0
BRDA:264,21,0,0
BRDA:264,21,1,0
BRDA:291,22,0,0
BRDA:291,22,1,0
BRDA:300,23,0,0
BRDA:300,23,1,0
BRDA:311,24,0,0
BRDA:311,24,1,0
BRDA:324,25,0,0
BRDA:324,25,1,0
BRDA:326,26,0,0
BRDA:326,26,1,0
BRDA:336,27,0,0
BRDA:336,27,1,0
BRDA:336,28,0,0
BRDA:336,28,1,0
BRDA:336,29,0,0
BRDA:336,29,1,0
BRDA:338,30,0,0
BRDA:338,30,1,0
BRF:60
BRH:0
end_of_record
TN:
SF:src/components/builder/ButtonItem.tsx
FN:2,(anonymous_0)
FNF:1
FNH:0
FNDA:0,(anonymous_0)
DA:2,0
DA:3,0
LF:2
LH:0
BRDA:3,0,0,0
BRDA:3,0,1,0
BRF:2
BRH:0
end_of_record
TN:
SF:src/components/builder/CategoryItem.tsx
FN:2,(anonymous_0)
FN:20,(anonymous_1)
FNF:2
FNH:0
FNDA:0,(anonymous_0)
FNDA:0,(anonymous_1)
DA:2,0
DA:11,0
DA:21,0
DA:22,0
LF:4
LH:0
BRDA:14,0,0,0
BRDA:14,0,1,0
BRDA:17,1,0,0
BRDA:17,1,1,0
BRDA:32,2,0,0
BRDA:32,2,1,0
BRDA:32,2,2,0
BRDA:39,3,0,0
BRDA:39,3,1,0
BRF:9
BRH:0
end_of_record
TN:
SF:src/components/builder/DraggableSectionContainer.tsx
FN:9,(anonymous_0)
FNF:1
FNH:0
FNDA:0,(anonymous_0)
DA:1,0
DA:3,0
DA:4,0
DA:5,0
DA:7,0
DA:9,0
DA:10,0
DA:19,0
DA:29,0
DA:35,0
DA:36,0
DA:44,0
DA:46,0
DA:54,0
LF:14
LH:0
BRDA:30,0,0,0
BRDA:30,0,1,0
BRDA:30,1,0,0
BRDA:30,1,1,0
BRDA:30,2,0,0
BRDA:30,2,1,0
BRDA:35,3,0,0
BRDA:35,4,0,0
BRDA:35,4,1,0
BRDA:49,5,0,0
BRDA:49,5,1,0
BRDA:51,6,0,0
BRDA:51,6,1,0
BRDA:60,7,0,0
BRDA:60,7,1,0
BRDA:61,8,0,0
BRDA:61,8,1,0
BRDA:75,9,0,0
BRDA:75,9,1,0
BRDA:75,10,0,0
BRDA:75,10,1,0
BRDA:75,11,0,0
BRDA:75,11,1,0
BRDA:75,12,0,0
BRDA:75,12,1,0
BRDA:83,13,0,0
BRDA:83,13,1,0
BRDA:89,14,0,0
BRDA:89,14,1,0
BRF:29
BRH:0
end_of_record
TN:
SF:src/components/builder/ImageItem.tsx
FN:4,(anonymous_0)
FN:40,(anonymous_1)
FN:86,(anonymous_2)
FN:112,(anonymous_3)
FN:143,(anonymous_4)
FNF:5
FNH:0
FNDA:0,(anonymous_0)
FNDA:0,(anonymous_1)
FNDA:0,(anonymous_2)
FNDA:0,(anonymous_3)
FNDA:0,(anonymous_4)
DA:1,0
DA:4,0
DA:24,0
DA:29,0
DA:31,0
DA:41,0
DA:42,0
DA:67,0
DA:87,0
DA:88,0
DA:103,0
DA:113,0
DA:114,0
DA:134,0
DA:144,0
DA:145,0
LF:16
LH:0
BRDA:10,0,0,0
BRDA:24,1,0,0
BRDA:24,1,1,0
BRDA:25,2,0,0
BRDA:25,2,1,0
BRDA:29,3,0,0
BRDA:29,3,1,0
BRDA:29,3,2,0
BRDA:29,3,3,0
BRDA:34,4,0,0
BRDA:34,4,1,0
BRDA:37,5,0,0
BRDA:37,5,1,0
BRDA:55,6,0,0
BRDA:55,6,1,0
BRDA:56,7,0,0
BRDA:56,7,1,0
BRDA:57,8,0,0
BRDA:57,8,1,0
BRDA:71,9,0,0
BRDA:71,9,1,0
BRDA:72,10,0,0
BRDA:72,10,1,0
BRDA:73,11,0,0
BRDA:73,11,1,0
BRDA:80,12,0,0
BRDA:80,12,1,0
BRDA:83,13,0,0
BRDA:83,13,1,0
BRDA:106,14,0,0
BRDA:106,14,1,0
BRDA:109,15,0,0
BRDA:109,15,1,0
BRDA:126,16,0,0
BRDA:126,16,1,0
BRDA:127,17,0,0
BRDA:127,17,1,0
BRDA:136,18,0,0
BRDA:136,18,1,0
BRDA:140,19,0,0
BRDA:140,19,1,0
BRDA:156,20,0,0
BRDA:156,20,1,0
BRDA:158,21,0,0
BRDA:158,21,1,0
BRDA:159,22,0,0
BRDA:159,22,1,0
BRDA:162,23,0,0
BRDA:162,23,1,0
BRF:49
BRH:0
end_of_record
TN:
SF:src/components/builder/ItemEditor.tsx
FN:15,(anonymous_0)
FN:30,(anonymous_1)
FNF:2
FNH:0
FNDA:0,(anonymous_0)
FNDA:0,(anonymous_1)
DA:1,0
DA:2,0
DA:4,0
DA:5,0
DA:6,0
DA:7,0
DA:8,0
DA:15,0
DA:28,0
DA:30,0
DA:31,0
DA:33,0
DA:35,0
DA:37,0
DA:39,0
DA:41,0
DA:43,0
DA:47,0
DA:73,0
LF:19
LH:0
BRDA:31,0,0,0
BRDA:31,0,1,0
BRDA:31,0,2,0
BRDA:31,0,3,0
BRDA:31,0,4,0
BRDA:31,0,5,0
BRDA:53,1,0,0
BRDA:53,1,1,0
BRDA:59,2,0,0
BRDA:59,2,1,0
BRF:10
BRH:0
end_of_record
TN:
SF:src/components/builder/ItemPalette.tsx
FN:10,(anonymous_0)
FN:26,(anonymous_1)
FN:29,(anonymous_2)
FNF:3
FNH:0
FNDA:0,(anonymous_0)
FNDA:0,(anonymous_1)
FNDA:0,(anonymous_2)
DA:2,0
DA:10,0
DA:11,0
DA:12,0
DA:22,0
DA:27,0
DA:29,0
DA:59,0
LF:8
LH:0
BRDA:10,0,0,0
BRDA:11,1,0,0
BRF:2
BRH:0
end_of_record
TN:
SF:src/components/builder/JsonPreview.tsx
FN:10,(anonymous_1)
FN:18,(anonymous_2)
FN:24,(anonymous_3)
FN:27,(anonymous_4)
FN:31,(anonymous_5)
FN:38,(anonymous_6)
FN:43,(anonymous_7)
FNF:7
FNH:0
FNDA:0,(anonymous_1)
FNDA:0,(anonymous_2)
FNDA:0,(anonymous_3)
FNDA:0,(anonymous_4)
FNDA:0,(anonymous_5)
FNDA:0,(anonymous_6)
FNDA:0,(anonymous_7)
DA:1,0
DA:3,0
DA:10,0
DA:11,0
DA:12,0
DA:15,0
DA:18,0
DA:19,0
DA:20,0
DA:23,0
DA:25,0
DA:27,0
DA:28,0
DA:32,0
DA:38,0
DA:39,0
DA:43,0
DA:44,0
DA:45,0
DA:52,0
DA:59,0
DA:93,0
LF:22
LH:0
BRDA:10,0,0,0
BRDA:19,1,0,0
BRDA:44,2,0,0
BRDA:44,3,0,0
BRDA:44,3,1,0
BRDA:70,4,0,0
BRDA:70,4,1,0
BRDA:73,5,0,0
BRDA:73,5,1,0
BRDA:76,6,0,0
BRDA:76,6,1,0
BRDA:78,7,0,0
BRDA:78,7,1,0
BRDA:84,8,0,0
BRDA:84,8,1,0
BRF:15
BRH:0
end_of_record
TN:
SF:src/components/builder/ProductItem.tsx
FN:4,(anonymous_0)
FN:42,(anonymous_1)
FN:90,(anonymous_2)
FN:116,(anonymous_3)
FN:149,(anonymous_4)
FNF:5
FNH:0
FNDA:0,(anonymous_0)
FNDA:0,(anonymous_1)
FNDA:0,(anonymous_2)
FNDA:0,(anonymous_3)
FNDA:0,(anonymous_4)
DA:1,0
DA:4,0
DA:26,0
DA:31,0
DA:33,0
DA:43,0
DA:44,0
DA:70,0
DA:91,0
DA:92,0
DA:107,0
DA:117,0
DA:118,0
DA:139,0
DA:150,0
DA:151,0
LF:16
LH:0
BRDA:11,0,0,0
BRDA:26,1,0,0
BRDA:26,1,1,0
BRDA:27,2,0,0
BRDA:27,2,1,0
BRDA:31,3,0,0
BRDA:31,3,1,0
BRDA:31,3,2,0
BRDA:31,3,3,0
BRDA:36,4,0,0
BRDA:36,4,1,0
BRDA:39,5,0,0
BRDA:39,5,1,0
BRDA:57,6,0,0
BRDA:57,6,1,0
BRDA:58,7,0,0
BRDA:58,7,1,0
BRDA:59,8,0,0
BRDA:59,8,1,0
BRDA:60,9,0,0
BRDA:60,9,1,0
BRDA:74,10,0,0
BRDA:74,10,1,0
BRDA:75,11,0,0
BRDA:75,11,1,0
BRDA:76,12,0,0
BRDA:76,12,1,0
BRDA:77,13,0,0
BRDA:77,13,1,0
BRDA:84,14,0,0
BRDA:84,14,1,0
BRDA:87,15,0,0
BRDA:87,15,1,0
BRDA:110,16,0,0
BRDA:110,16,1,0
BRDA:113,17,0,0
BRDA:113,17,1,0
BRDA:130,18,0,0
BRDA:130,18,1,0
BRDA:131,19,0,0
BRDA:131,19,1,0
BRDA:132,20,0,0
BRDA:132,20,1,0
BRDA:143,21,0,0
BRDA:143,21,1,0
BRDA:146,22,0,0
BRDA:146,22,1,0
BRDA:165,23,0,0
BRDA:165,23,1,0
BRDA:167,24,0,0
BRDA:167,24,1,0
BRDA:172,25,0,0
BRDA:172,25,1,0
BRDA:177,26,0,0
BRDA:177,26,1,0
BRF:55
BRH:0
end_of_record
TN:
SF:src/components/builder/PropertyPanel.tsx
FN:19,(anonymous_1)
FN:51,(anonymous_2)
FN:53,(anonymous_3)
FN:60,(anonymous_4)
FN:66,(anonymous_5)
FN:95,(anonymous_6)
FN:111,(anonymous_7)
FN:124,(anonymous_8)
FN:146,(anonymous_9)
FN:157,(anonymous_10)
FN:169,(anonymous_11)
FN:181,(anonymous_12)
FN:198,(anonymous_13)
FN:212,(anonymous_14)
FN:229,(anonymous_15)
FN:243,(anonymous_16)
FN:244,(anonymous_17)
FN:253,(anonymous_18)
FN:255,(anonymous_19)
FN:270,(anonymous_20)
FN:278,(anonymous_21)
FN:306,(anonymous_22)
FN:321,(anonymous_23)
FN:336,(anonymous_24)
FN:355,(anonymous_25)
FN:357,(anonymous_26)
FN:364,(anonymous_27)
FN:370,(anonymous_28)
FN:398,(anonymous_29)
FN:413,(anonymous_30)
FN:430,(anonymous_31)
FN:449,(anonymous_32)
FN:468,(anonymous_33)
FN:492,(anonymous_34)
FN:515,(anonymous_35)
FN:537,(anonymous_36)
FN:559,(anonymous_37)
FNF:37
FNH:0
FNDA:0,(anonymous_1)
FNDA:0,(anonymous_2)
FNDA:0,(anonymous_3)
FNDA:0,(anonymous_4)
FNDA:0,(anonymous_5)
FNDA:0,(anonymous_6)
FNDA:0,(anonymous_7)
FNDA:0,(anonymous_8)
FNDA:0,(anonymous_9)
FNDA:0,(anonymous_10)
FNDA:0,(anonymous_11)
FNDA:0,(anonymous_12)
FNDA:0,(anonymous_13)
FNDA:0,(anonymous_14)
FNDA:0,(anonymous_15)
FNDA:0,(anonymous_16)
FNDA:0,(anonymous_17)
FNDA:0,(anonymous_18)
FNDA:0,(anonymous_19)
FNDA:0,(anonymous_20)
FNDA:0,(anonymous_21)
FNDA:0,(anonymous_22)
FNDA:0,(anonymous_23)
FNDA:0,(anonymous_24)
FNDA:0,(anonymous_25)
FNDA:0,(anonymous_26)
FNDA:0,(anonymous_27)
FNDA:0,(anonymous_28)
FNDA:0,(anonymous_29)
FNDA:0,(anonymous_30)
FNDA:0,(anonymous_31)
FNDA:0,(anonymous_32)
FNDA:0,(anonymous_33)
FNDA:0,(anonymous_34)
FNDA:0,(anonymous_35)
FNDA:0,(anonymous_36)
FNDA:0,(anonymous_37)
DA:2,0
DA:3,0
DA:4,0
DA:5,0
DA:6,0
DA:7,0
DA:19,0
DA:29,0
DA:30,0
DA:43,0
DA:44,0
DA:52,0
DA:54,0
DA:60,0
DA:67,0
DA:68,0
DA:69,0
DA:96,0
DA:112,0
DA:125,0
DA:147,0
DA:158,0
DA:170,0
DA:182,0
DA:199,0
DA:213,0
DA:230,0
DA:244,0
DA:245,0
DA:254,0
DA:255,0
DA:257,0
DA:271,0
DA:272,0
DA:274,0
DA:279,0
DA:280,0
DA:307,0
DA:322,0
DA:337,0
DA:348,0
DA:356,0
DA:358,0
DA:364,0
DA:371,0
DA:372,0
DA:373,0
DA:399,0
DA:414,0
DA:431,0
DA:450,0
DA:469,0
DA:493,0
DA:516,0
DA:538,0
DA:560,0
DA:575,0
LF:57
LH:0
BRDA:26,0,0,0
BRDA:29,1,0,0
BRDA:43,2,0,0
BRDA:94,3,0,0
BRDA:94,3,1,0
BRDA:103,4,0,0
BRDA:103,4,1,0
BRDA:103,4,2,0
BRDA:103,4,3,0
BRDA:110,5,0,0
BRDA:110,5,1,0
BRDA:140,6,0,0
BRDA:140,6,1,0
BRDA:140,6,2,0
BRDA:145,7,0,0
BRDA:145,7,1,0
BRDA:156,8,0,0
BRDA:156,8,1,0
BRDA:168,9,0,0
BRDA:168,9,1,0
BRDA:180,10,0,0
BRDA:180,10,1,0
BRDA:197,11,0,0
BRDA:197,11,1,0
BRDA:211,12,0,0
BRDA:211,12,1,0
BRDA:221,13,0,0
BRDA:221,13,1,0
BRDA:226,14,0,0
BRDA:226,14,1,0
BRDA:227,15,0,0
BRDA:227,15,1,0
BRDA:243,16,0,0
BRDA:243,16,1,0
BRDA:243,17,0,0
BRDA:243,17,1,0
BRDA:248,18,0,0
BRDA:248,18,1,0
BRDA:248,19,0,0
BRDA:248,19,1,0
BRDA:248,20,0,0
BRDA:248,20,1,0
BRDA:250,21,0,0
BRDA:250,21,1,0
BRDA:250,22,0,0
BRDA:250,22,1,0
BRDA:250,23,0,0
BRDA:250,23,1,0
BRDA:254,24,0,0
BRDA:254,24,1,0
BRDA:271,25,0,0
BRDA:271,25,1,0
BRDA:271,26,0,0
BRDA:271,26,1,0
BRDA:272,27,0,0
BRDA:279,28,0,0
BRDA:279,28,1,0
BRDA:297,29,0,0
BRDA:297,29,1,0
BRDA:305,30,0,0
BRDA:305,30,1,0
BRDA:315,31,0,0
BRDA:315,31,1,0
BRDA:320,32,0,0
BRDA:320,32,1,0
BRDA:335,33,0,0
BRDA:335,33,1,0
BRDA:397,34,0,0
BRDA:397,34,1,0
BRDA:412,35,0,0
BRDA:412,35,1,0
BRDA:412,36,0,0
BRDA:412,36,1,0
BRDA:412,37,0,0
BRDA:412,37,1,0
BRDA:429,38,0,0
BRDA:429,38,1,0
BRDA:429,39,0,0
BRDA:429,39,1,0
BRDA:429,40,0,0
BRDA:429,40,1,0
BRDA:448,41,0,0
BRDA:448,41,1,0
BRDA:448,42,0,0
BRDA:448,42,1,0
BRDA:448,43,0,0
BRDA:448,43,1,0
BRDA:462,44,0,0
BRDA:462,44,1,0
BRDA:462,45,0,0
BRDA:462,45,1,0
BRDA:462,46,0,0
BRDA:462,46,1,0
BRDA:467,47,0,0
BRDA:467,47,1,0
BRDA:467,48,0,0
BRDA:467,48,1,0
BRDA:467,49,0,0
BRDA:467,49,1,0
BRDA:491,50,0,0
BRDA:491,50,1,0
BRDA:491,51,0,0
BRDA:491,51,1,0
BRDA:491,52,0,0
BRDA:491,52,1,0
BRDA:514,53,0,0
BRDA:514,53,1,0
BRDA:514,54,0,0
BRDA:514,54,1,0
BRDA:514,55,0,0
BRDA:514,55,1,0
BRDA:536,56,0,0
BRDA:536,56,1,0
BRDA:536,57,0,0
BRDA:536,57,1,0
BRDA:536,58,0,0
BRDA:536,58,1,0
BRDA:549,59,0,0
BRDA:549,59,1,0
BRDA:558,60,0,0
BRDA:558,60,1,0
BRDA:558,61,0,0
BRDA:558,61,1,0
BRDA:558,62,0,0
BRDA:558,62,1,0
BRF:125
BRH:0
end_of_record
TN:
SF:src/components/builder/SectionEditor.tsx
FN:7,(anonymous_0)
FNF:1
FNH:0
FNDA:0,(anonymous_0)
DA:3,0
DA:7,0
DA:8,0
DA:11,0
LF:4
LH:0
BRF:0
BRH:0
end_of_record
TN:
SF:src/components/builder/SectionItemList.tsx
FN:9,(anonymous_1)
FN:47,(anonymous_2)
FN:60,(anonymous_3)
FN:61,(anonymous_4)
FN:77,(anonymous_5)
FN:96,(anonymous_6)
FN:116,(anonymous_7)
FN:134,(anonymous_8)
FN:152,(anonymous_9)
FN:178,(anonymous_10)
FNF:10
FNH:0
FNDA:0,(anonymous_1)
FNDA:0,(anonymous_2)
FNDA:0,(anonymous_3)
FNDA:0,(anonymous_4)
FNDA:0,(anonymous_5)
FNDA:0,(anonymous_6)
FNDA:0,(anonymous_7)
FNDA:0,(anonymous_8)
FNDA:0,(anonymous_9)
FNDA:0,(anonymous_10)
DA:1,0
DA:4,0
DA:5,0
DA:7,0
DA:9,0
DA:23,0
DA:30,0
DA:31,0
DA:38,0
DA:39,0
DA:47,0
DA:48,0
DA:49,0
DA:56,0
DA:60,0
DA:61,0
DA:67,0
DA:70,0
DA:78,0
DA:88,0
DA:97,0
DA:108,0
DA:117,0
DA:126,0
DA:135,0
DA:144,0
DA:153,0
DA:170,0
DA:179,0
LF:29
LH:0
BRDA:30,0,0,0
BRDA:30,1,0,0
BRDA:30,1,1,0
BRDA:38,2,0,0
BRDA:38,3,0,0
BRDA:38,3,1,0
BRDA:48,4,0,0
BRDA:48,5,0,0
BRDA:48,5,1,0
BRDA:48,5,2,0
BRDA:61,6,0,0
BRDA:61,6,1,0
BRDA:67,7,0,0
BRDA:67,7,1,0
BRDA:67,7,2,0
BRDA:67,7,3,0
BRDA:67,7,4,0
BRDA:67,7,5,0
BRDA:67,8,0,0
BRDA:67,8,1,0
BRDA:158,9,0,0
BRDA:158,9,1,0
BRF:22
BRH:0
end_of_record
TN:
SF:src/components/builder/SectionPalette.tsx
FN:9,(anonymous_0)
FN:14,(anonymous_1)
FN:18,(anonymous_2)
FNF:3
FNH:0
FNDA:0,(anonymous_0)
FNDA:0,(anonymous_1)
FNDA:0,(anonymous_2)
DA:2,0
DA:9,0
DA:10,0
DA:15,0
DA:18,0
DA:46,0
LF:6
LH:0
BRDA:9,0,0,0
BRF:1
BRH:0
end_of_record
TN:
SF:src/components/builder/TagsList.tsx
FN:4,(anonymous_0)
FN:9,(anonymous_1)
FNF:2
FNH:0
FNDA:0,(anonymous_0)
FNDA:0,(anonymous_1)
DA:1,0
DA:4,0
DA:5,0
DA:7,0
DA:10,0
LF:5
LH:0
BRDA:5,0,0,0
BRDA:5,1,0,0
BRDA:5,1,1,0
BRDA:12,2,0,0
BRDA:12,2,1,0
BRF:5
BRH:0
end_of_record
TN:
SF:src/components/builder/TextItem.tsx
FN:2,(anonymous_0)
FNF:1
FNH:0
FNDA:0,(anonymous_0)
DA:2,0
DA:3,0
LF:2
LH:0
BRDA:4,0,0,0
BRDA:4,0,1,0
BRDA:9,1,0,0
BRDA:9,1,1,0
BRF:4
BRH:0
end_of_record
TN:
SF:src/components/preview/MobilePreview.tsx
FN:14,(anonymous_0)
FN:15,(anonymous_1)
FN:17,(anonymous_2)
FN:52,(anonymous_3)
FN:63,(anonymous_4)
FN:298,(anonymous_5)
FN:323,(anonymous_6)
FN:337,(anonymous_7)
FN:349,(anonymous_8)
FN:363,(anonymous_9)
FN:385,(anonymous_10)
FN:395,(anonymous_11)
FN:409,(anonymous_12)
FN:444,(anonymous_13)
FN:474,(anonymous_14)
FN:521,(anonymous_15)
FN:530,(anonymous_16)
FN:539,(anonymous_17)
FNF:18
FNH:0
FNDA:0,(anonymous_0)
FNDA:0,(anonymous_1)
FNDA:0,(anonymous_2)
FNDA:0,(anonymous_3)
FNDA:0,(anonymous_4)
FNDA:0,(anonymous_5)
FNDA:0,(anonymous_6)
FNDA:0,(anonymous_7)
FNDA:0,(anonymous_8)
FNDA:0,(anonymous_9)
FNDA:0,(anonymous_10)
FNDA:0,(anonymous_11)
FNDA:0,(anonymous_12)
FNDA:0,(anonymous_13)
FNDA:0,(anonymous_14)
FNDA:0,(anonymous_15)
FNDA:0,(anonymous_16)
FNDA:0,(anonymous_17)
DA:2,0
DA:3,0
DA:5,0
DA:7,0
DA:14,0
DA:15,0
DA:16,0
DA:17,0
DA:21,0
DA:22,0
DA:33,0
DA:34,0
DA:45,0
DA:52,0
DA:53,0
DA:55,0
DA:64,0
DA:65,0
DA:85,0
DA:97,0
DA:101,0
DA:104,0
DA:111,0
DA:113,0
DA:152,0
DA:191,0
DA:223,0
DA:264,0
DA:293,0
DA:298,0
DA:300,0
DA:301,0
DA:302,0
DA:309,0
DA:316,0
DA:317,0
DA:323,0
DA:324,0
DA:325,0
DA:327,0
DA:332,0
DA:335,0
DA:338,0
DA:342,0
DA:346,0
DA:350,0
DA:357,0
DA:361,0
DA:364,0
DA:368,0
DA:372,0
DA:373,0
DA:386,0
DA:396,0
DA:410,0
DA:433,0
DA:438,0
DA:445,0
DA:467,0
DA:472,0
DA:475,0
DA:481,0
DA:489,0
DA:522,0
DA:531,0
DA:540,0
DA:551,0
LF:67
LH:0
BRDA:14,0,0,0
BRDA:16,1,0,0
BRDA:16,2,0,0
BRDA:16,2,1,0
BRDA:21,3,0,0
BRDA:33,4,0,0
BRDA:33,5,0,0
BRDA:33,5,1,0
BRDA:53,6,0,0
BRDA:53,6,1,0
BRDA:53,6,2,0
BRDA:53,6,3,0
BRDA:53,6,4,0
BRDA:53,6,5,0
BRDA:57,7,0,0
BRDA:57,7,1,0
BRDA:60,8,0,0
BRDA:60,8,1,0
BRDA:75,9,0,0
BRDA:75,9,1,0
BRDA:78,10,0,0
BRDA:78,10,1,0
BRDA:87,11,0,0
BRDA:87,11,1,0
BRDA:90,12,0,0
BRDA:90,12,1,0
BRDA:97,13,0,0
BRDA:97,13,1,0
BRDA:101,14,0,0
BRDA:101,14,1,0
BRDA:104,15,0,0
BRDA:104,15,1,0
BRDA:106,16,0,0
BRDA:106,16,1,0
BRDA:111,17,0,0
BRDA:111,17,1,0
BRDA:111,17,2,0
BRDA:111,17,3,0
BRDA:116,18,0,0
BRDA:116,18,1,0
BRDA:119,19,0,0
BRDA:119,19,1,0
BRDA:132,20,0,0
BRDA:132,20,1,0
BRDA:134,21,0,0
BRDA:134,21,1,0
BRDA:137,22,0,0
BRDA:137,22,1,0
BRDA:140,23,0,0
BRDA:140,23,1,0
BRDA:157,24,0,0
BRDA:157,24,1,0
BRDA:159,25,0,0
BRDA:159,25,1,0
BRDA:162,26,0,0
BRDA:162,26,1,0
BRDA:165,27,0,0
BRDA:165,27,1,0
BRDA:174,28,0,0
BRDA:174,28,1,0
BRDA:177,29,0,0
BRDA:177,29,1,0
BRDA:194,30,0,0
BRDA:194,30,1,0
BRDA:197,31,0,0
BRDA:197,31,1,0
BRDA:209,32,0,0
BRDA:209,32,1,0
BRDA:211,33,0,0
BRDA:211,33,1,0
BRDA:214,34,0,0
BRDA:214,34,1,0
BRDA:227,35,0,0
BRDA:227,35,1,0
BRDA:230,36,0,0
BRDA:230,36,1,0
BRDA:243,37,0,0
BRDA:243,37,1,0
BRDA:245,38,0,0
BRDA:245,38,1,0
BRDA:248,39,0,0
BRDA:248,39,1,0
BRDA:251,40,0,0
BRDA:251,40,1,0
BRDA:268,41,0,0
BRDA:268,41,1,0
BRDA:271,42,0,0
BRDA:271,42,1,0
BRDA:279,43,0,0
BRDA:279,43,1,0
BRDA:279,43,2,0
BRDA:287,44,0,0
BRDA:287,44,1,0
BRDA:300,45,0,0
BRDA:300,46,0,0
BRDA:300,46,1,0
BRDA:310,47,0,0
BRDA:310,47,1,0
BRDA:310,48,0,0
BRDA:310,48,1,0
BRDA:310,49,0,0
BRDA:310,49,1,0
BRDA:311,50,0,0
BRDA:311,50,1,0
BRDA:311,51,0,0
BRDA:311,51,1,0
BRDA:311,52,0,0
BRDA:311,52,1,0
BRDA:312,53,0,0
BRDA:312,53,1,0
BRDA:312,54,0,0
BRDA:312,54,1,0
BRDA:312,55,0,0
BRDA:312,55,1,0
BRDA:316,56,0,0
BRDA:316,57,0,0
BRDA:316,57,1,0
BRDA:316,58,0,0
BRDA:316,58,1,0
BRDA:316,59,0,0
BRDA:316,59,1,0
BRDA:316,60,0,0
BRDA:316,60,1,0
BRDA:316,61,0,0
BRDA:316,61,1,0
BRDA:317,62,0,0
BRDA:317,62,1,0
BRDA:318,63,0,0
BRDA:318,63,1,0
BRDA:324,64,0,0
BRDA:324,65,0,0
BRDA:324,65,1,0
BRDA:324,66,0,0
BRDA:324,66,1,0
BRDA:324,67,0,0
BRDA:324,67,1,0
BRDA:332,68,0,0
BRDA:332,68,1,0
BRDA:332,68,2,0
BRDA:332,68,3,0
BRDA:332,68,4,0
BRDA:332,68,5,0
BRDA:372,69,0,0
BRDA:372,69,1,0
BRDA:372,70,0,0
BRDA:372,70,1,0
BRDA:372,71,0,0
BRDA:372,71,1,0
BRDA:376,72,0,0
BRDA:376,72,1,0
BRDA:376,73,0,0
BRDA:376,73,1,0
BRDA:378,74,0,0
BRDA:378,74,1,0
BRDA:378,75,0,0
BRDA:378,75,1,0
BRDA:380,76,0,0
BRDA:380,76,1,0
BRDA:380,77,0,0
BRDA:380,77,1,0
BRDA:388,78,0,0
BRDA:388,78,1,0
BRDA:390,79,0,0
BRDA:390,79,1,0
BRDA:393,80,0,0
BRDA:393,80,1,0
BRDA:406,81,0,0
BRDA:406,81,1,0
BRDA:406,81,2,0
BRDA:412,82,0,0
BRDA:412,82,1,0
BRDA:420,83,0,0
BRDA:420,83,1,0
BRDA:440,84,0,0
BRDA:440,84,1,0
BRDA:448,85,0,0
BRDA:448,85,1,0
BRDA:450,86,0,0
BRDA:450,86,1,0
BRDA:453,87,0,0
BRDA:453,87,1,0
BRDA:520,88,0,0
BRDA:520,88,1,0
BRDA:522,89,0,0
BRDA:522,89,1,0
BRDA:529,90,0,0
BRDA:529,90,1,0
BRDA:531,91,0,0
BRDA:531,91,1,0
BRDA:538,92,0,0
BRDA:538,92,1,0
BRDA:540,93,0,0
BRDA:540,93,1,0
BRF:193
BRH:0
end_of_record
TN:
SF:src/components/preview/TagsListMobile.tsx
FN:4,(anonymous_0)
FN:9,(anonymous_1)
FNF:2
FNH:0
FNDA:0,(anonymous_0)
FNDA:0,(anonymous_1)
DA:1,0
DA:4,0
DA:5,0
DA:7,0
DA:10,0
LF:5
LH:0
BRDA:5,0,0,0
BRDA:5,1,0,0
BRDA:5,1,1,0
BRDA:12,2,0,0
BRDA:12,2,1,0
BRF:5
BRH:0
end_of_record
TN:
SF:src/components/ui/Button.tsx
FN:22,(anonymous_1)
FNF:1
FNH:0
FNDA:0,(anonymous_1)
DA:1,0
DA:22,0
DA:33,0
DA:34,0
DA:37,0
DA:40,0
DA:50,0
DA:57,0
DA:63,0
DA:84,0
LF:10
LH:0
BRDA:24,0,0,0
BRDA:25,1,0,0
BRDA:27,2,0,0
BRDA:28,3,0,0
BRDA:29,4,0,0
BRDA:32,5,0,0
BRDA:58,6,0,0
BRDA:58,6,1,0
BRDA:59,7,0,0
BRDA:59,7,1,0
BRDA:60,8,0,0
BRDA:60,8,1,0
BRDA:74,9,0,0
BRDA:74,9,1,0
BRDA:78,10,0,0
BRDA:78,10,1,0
BRF:16
BRH:0
end_of_record
TN:
SF:src/components/ui/ColorPicker.tsx
FN:54,(anonymous_0)
FN:61,(anonymous_1)
FN:65,(anonymous_2)
FN:102,(anonymous_3)
FN:111,(anonymous_4)
FN:121,(anonymous_5)
FN:130,(anonymous_6)
FNF:7
FNH:0
FNDA:0,(anonymous_0)
FNDA:0,(anonymous_1)
FNDA:0,(anonymous_2)
FNDA:0,(anonymous_3)
FNDA:0,(anonymous_4)
FNDA:0,(anonymous_5)
FNDA:0,(anonymous_6)
DA:1,0
DA:6,0
DA:33,0
DA:54,0
DA:61,0
DA:62,0
DA:65,0
DA:66,0
DA:67,0
DA:71,0
DA:103,0
DA:111,0
DA:122,0
DA:130,0
DA:140,0
LF:15
LH:0
BRDA:57,0,0,0
BRDA:58,1,0,0
BRDA:62,2,0,0
BRDA:62,2,1,0
BRDA:62,3,0,0
BRDA:62,3,1,0
BRDA:66,4,0,0
BRDA:67,5,0,0
BRDA:67,5,1,0
BRDA:67,6,0,0
BRDA:67,6,1,0
BRDA:73,7,0,0
BRDA:73,7,1,0
BRDA:93,8,0,0
BRDA:93,8,1,0
BRDA:107,9,0,0
BRDA:107,9,1,0
BRDA:108,10,0,0
BRDA:108,10,1,0
BRDA:126,11,0,0
BRDA:126,11,1,0
BRDA:127,12,0,0
BRDA:127,12,1,0
BRF:23
BRH:0
end_of_record
TN:
SF:src/components/ui/Input.tsx
FN:41,(anonymous_1)
FNF:1
FNH:0
FNDA:0,(anonymous_1)
DA:1,0
DA:41,0
DA:53,0
DA:54,0
DA:57,0
DA:61,0
DA:91,0
LF:7
LH:0
BRDA:45,0,0,0
BRDA:48,1,0,0
BRDA:49,2,0,0
BRDA:57,3,0,0
BRDA:57,3,1,0
BRDA:58,4,0,0
BRDA:58,4,1,0
BRDA:58,5,0,0
BRDA:58,5,1,0
BRDA:63,6,0,0
BRDA:63,6,1,0
BRDA:67,7,0,0
BRDA:67,7,1,0
BRDA:76,8,0,0
BRDA:76,8,1,0
BRDA:80,9,0,0
BRDA:80,9,1,0
BRDA:80,9,2,0
BRDA:82,10,0,0
BRDA:82,10,1,0
BRDA:83,11,0,0
BRDA:83,11,1,0
BRF:22
BRH:0
end_of_record
TN:
SF:src/components/ui/Modal.tsx
FN:15,(anonymous_0)
FN:25,(anonymous_1)
FN:31,(anonymous_2)
FN:39,(anonymous_3)
FNF:4
FNH:0
FNDA:0,(anonymous_0)
FNDA:0,(anonymous_1)
FNDA:0,(anonymous_2)
FNDA:0,(anonymous_3)
DA:1,0
DA:3,0
DA:15,0
DA:25,0
DA:26,0
DA:27,0
DA:29,0
DA:31,0
DA:32,0
DA:36,0
DA:39,0
DA:40,0
DA:41,0
DA:46,0
DA:53,0
DA:70,0
LF:16
LH:0
BRDA:21,0,0,0
BRDA:22,1,0,0
BRDA:26,2,0,0
BRDA:26,2,1,0
BRDA:36,3,0,0
BRDA:40,4,0,0
BRDA:40,5,0,0
BRDA:40,5,1,0
BRDA:64,6,0,0
BRDA:64,6,1,0
BRF:10
BRH:0
end_of_record
TN:
SF:src/components/ui/Select.tsx
FN:46,(anonymous_1)
FN:88,(anonymous_2)
FNF:2
FNH:0
FNDA:0,(anonymous_1)
FNDA:0,(anonymous_2)
DA:1,0
DA:46,0
DA:58,0
DA:59,0
DA:62,0
DA:66,0
DA:89,0
DA:105,0
LF:8
LH:0
BRDA:53,0,0,0
BRDA:54,1,0,0
BRDA:62,2,0,0
BRDA:62,2,1,0
BRDA:63,3,0,0
BRDA:63,3,1,0
BRDA:63,4,0,0
BRDA:63,4,1,0
BRDA:68,5,0,0
BRDA:68,5,1,0
BRDA:72,6,0,0
BRDA:72,6,1,0
BRDA:79,7,0,0
BRDA:79,7,1,0
BRDA:83,8,0,0
BRDA:83,8,1,0
BRDA:94,9,0,0
BRDA:94,9,1,0
BRDA:94,9,2,0
BRDA:96,10,0,0
BRDA:96,10,1,0
BRDA:97,11,0,0
BRDA:97,11,1,0
BRF:23
BRH:0
end_of_record
TN:
SF:src/components/ui/Tabs.tsx
FN:18,(anonymous_0)
FN:20,(anonymous_1)
FN:21,(anonymous_2)
FN:28,(anonymous_3)
FN:29,(anonymous_4)
FN:31,(anonymous_5)
FN:37,(anonymous_6)
FN:47,(anonymous_7)
FN:51,(anonymous_8)
FN:58,(anonymous_9)
FNF:10
FNH:0
FNDA:0,(anonymous_0)
FNDA:0,(anonymous_1)
FNDA:0,(anonymous_2)
FNDA:0,(anonymous_3)
FNDA:0,(anonymous_4)
FNDA:0,(anonymous_5)
FNDA:0,(anonymous_6)
FNDA:0,(anonymous_7)
FNDA:0,(anonymous_8)
FNDA:0,(anonymous_9)
DA:1,0
DA:3,0
DA:18,0
DA:20,0
DA:21,0
DA:22,0
DA:24,0
DA:28,0
DA:29,0
DA:30,0
DA:31,0
DA:32,0
DA:37,0
DA:38,0
DA:39,0
DA:40,0
DA:44,0
DA:48,0
DA:51,0
DA:59,0
DA:71,0
LF:21
LH:0
BRDA:21,0,0,0
BRDA:21,1,0,0
BRDA:21,1,1,0
BRDA:24,2,0,0
BRDA:24,2,1,0
BRDA:29,3,0,0
BRDA:29,3,1,0
BRDA:29,4,0,0
BRDA:29,4,1,0
BRDA:29,4,2,0
BRDA:31,5,0,0
BRDA:31,6,0,0
BRDA:31,6,1,0
BRDA:39,7,0,0
BRDA:50,8,0,0
BRDA:50,8,1,0
BRDA:61,9,0,0
BRDA:61,9,1,0
BRF:18
BRH:0
end_of_record
TN:
SF:src/hooks/useApi/index.ts
FNF:0
FNH:0
DA:2,0
LF:1
LH:0
BRF:0
BRH:0
end_of_record
TN:
SF:src/hooks/useApi/useScreenConfigApi.ts
FN:34,(anonymous_7)
FN:59,(anonymous_8)
FN:59,(anonymous_9)
FN:70,(anonymous_10)
FN:70,(anonymous_11)
FN:73,(anonymous_12)
FN:97,(anonymous_13)
FN:99,(anonymous_14)
FN:120,(anonymous_15)
FN:123,(anonymous_16)
FN:147,(anonymous_17)
FN:147,(anonymous_18)
FNF:12
FNH:12
FNDA:20,(anonymous_7)
FNDA:2,(anonymous_8)
FNDA:2,(anonymous_9)
FNDA:5,(anonymous_10)
FNDA:5,(anonymous_11)
FNDA:5,(anonymous_12)
FNDA:2,(anonymous_13)
FNDA:2,(anonymous_14)
FNDA:2,(anonymous_15)
FNDA:2,(anonymous_16)
FNDA:2,(anonymous_17)
FNDA:2,(anonymous_18)
DA:3,1
DA:5,1
DA:34,1
DA:35,20
DA:36,20
DA:39,20
DA:40,20
DA:42,20
DA:46,20
DA:47,20
DA:48,20
DA:52,20
DA:59,20
DA:60,2
DA:61,2
DA:62,2
DA:64,1
DA:65,1
DA:70,20
DA:71,5
DA:72,5
DA:73,5
DA:76,5
DA:78,4
DA:80,3
DA:85,3
DA:86,3
DA:88,1
DA:90,1
DA:91,1
DA:92,1
DA:97,20
DA:99,2
DA:100,2
DA:101,2
DA:102,2
DA:105,1
DA:110,1
DA:111,1
DA:113,1
DA:114,1
DA:115,1
DA:120,20
DA:123,2
DA:124,2
DA:125,2
DA:126,2
DA:129,1
DA:134,1
DA:135,0
DA:138,1
DA:140,1
DA:141,1
DA:142,1
DA:147,20
DA:148,2
DA:149,2
DA:150,2
DA:152,1
DA:153,0
DA:156,1
DA:158,1
DA:159,1
DA:160,1
DA:164,20
LF:65
LH:63
BRDA:39,0,0,0
BRDA:43,1,0,18
BRDA:43,1,1,2
BRDA:43,2,0,20
BRDA:43,2,1,2
BRDA:52,3,0,20
BRDA:52,3,1,20
BRDA:52,3,2,20
BRDA:52,3,3,19
BRDA:52,3,4,19
BRDA:73,4,0,0
BRDA:73,4,1,5
BRDA:73,5,0,5
BRDA:73,5,1,0
BRDA:73,6,0,5
BRDA:73,6,1,0
BRDA:78,7,0,3
BRDA:134,8,0,0
BRDA:134,9,0,1
BRDA:134,9,1,0
BRDA:152,10,0,0
BRDA:152,11,0,1
BRDA:152,11,1,0
BRF:23
BRH:15
end_of_record
TN:
SF:src/hooks/useApi/useScreenConfigQueries.ts
FN:10,(anonymous_16)
FN:15,(anonymous_17)
FN:18,(anonymous_18)
FN:18,(anonymous_19)
FN:29,(anonymous_20)
FN:32,(anonymous_21)
FN:32,(anonymous_22)
FN:45,(anonymous_23)
FN:48,(anonymous_24)
FN:48,(anonymous_25)
FN:59,(anonymous_26)
FN:63,(anonymous_27)
FN:63,(anonymous_28)
FN:70,(anonymous_29)
FN:78,(anonymous_30)
FN:85,(anonymous_31)
FN:89,(anonymous_32)
FN:95,(anonymous_33)
FN:102,(anonymous_34)
FN:110,(anonymous_35)
FN:117,(anonymous_36)
FN:121,(anonymous_37)
FN:121,(anonymous_38)
FN:128,(anonymous_39)
FN:136,(anonymous_40)
FN:143,(anonymous_41)
FN:147,(anonymous_42)
FN:147,(anonymous_43)
FN:154,(anonymous_44)
FN:162,(anonymous_45)
FNF:30
FNH:0
FNDA:0,(anonymous_16)
FNDA:0,(anonymous_17)
FNDA:0,(anonymous_18)
FNDA:0,(anonymous_19)
FNDA:0,(anonymous_20)
FNDA:0,(anonymous_21)
FNDA:0,(anonymous_22)
FNDA:0,(anonymous_23)
FNDA:0,(anonymous_24)
FNDA:0,(anonymous_25)
FNDA:0,(anonymous_26)
FNDA:0,(anonymous_27)
FNDA:0,(anonymous_28)
FNDA:0,(anonymous_29)
FNDA:0,(anonymous_30)
FNDA:0,(anonymous_31)
FNDA:0,(anonymous_32)
FNDA:0,(anonymous_33)
FNDA:0,(anonymous_34)
FNDA:0,(anonymous_35)
FNDA:0,(anonymous_36)
FNDA:0,(anonymous_37)
FNDA:0,(anonymous_38)
FNDA:0,(anonymous_39)
FNDA:0,(anonymous_40)
FNDA:0,(anonymous_41)
FNDA:0,(anonymous_42)
FNDA:0,(anonymous_43)
FNDA:0,(anonymous_44)
FNDA:0,(anonymous_45)
DA:1,0
DA:3,0
DA:5,0
DA:8,0
DA:10,0
DA:15,0
DA:16,0
DA:18,0
DA:19,0
DA:20,0
DA:21,0
DA:23,0
DA:29,0
DA:30,0
DA:32,0
DA:33,0
DA:34,0
DA:35,0
DA:36,0
DA:38,0
DA:45,0
DA:46,0
DA:48,0
DA:49,0
DA:50,0
DA:51,0
DA:53,0
DA:59,0
DA:60,0
DA:62,0
DA:63,0
DA:64,0
DA:65,0
DA:66,0
DA:68,0
DA:72,0
DA:73,0
DA:74,0
DA:75,0
DA:79,0
DA:85,0
DA:86,0
DA:88,0
DA:95,0
DA:96,0
DA:97,0
DA:98,0
DA:100,0
DA:104,0
DA:105,0
DA:106,0
DA:107,0
DA:111,0
DA:117,0
DA:118,0
DA:120,0
DA:121,0
DA:122,0
DA:123,0
DA:124,0
DA:126,0
DA:130,0
DA:132,0
DA:134,0
DA:137,0
DA:143,0
DA:144,0
DA:146,0
DA:147,0
DA:148,0
DA:149,0
DA:150,0
DA:152,0
DA:156,0
DA:158,0
DA:160,0
DA:163,0
LF:77
LH:0
BRDA:20,0,0,0
BRDA:21,1,0,0
BRDA:21,1,1,0
BRDA:23,2,0,0
BRDA:23,2,1,0
BRDA:33,3,0,0
BRDA:35,4,0,0
BRDA:36,5,0,0
BRDA:36,5,1,0
BRDA:38,6,0,0
BRDA:38,6,1,0
BRDA:50,7,0,0
BRDA:51,8,0,0
BRDA:51,8,1,0
BRDA:53,9,0,0
BRDA:53,9,1,0
BRDA:65,10,0,0
BRDA:66,11,0,0
BRDA:66,11,1,0
BRDA:74,12,0,0
BRDA:97,13,0,0
BRDA:98,14,0,0
BRDA:98,14,1,0
BRDA:106,15,0,0
BRDA:123,16,0,0
BRDA:124,17,0,0
BRDA:124,17,1,0
BRDA:149,18,0,0
BRDA:150,19,0,0
BRDA:150,19,1,0
BRF:30
BRH:0
end_of_record
TN:
SF:src/hooks/useBuilderPage/index.tsx
FN:14,(anonymous_17)
FN:31,(anonymous_18)
FN:31,(anonymous_19)
FN:50,(anonymous_20)
FN:50,(anonymous_21)
FN:86,(anonymous_22)
FN:91,(anonymous_23)
FN:114,(anonymous_24)
FN:150,(anonymous_25)
FN:151,(anonymous_26)
FN:180,(anonymous_27)
FN:181,(anonymous_28)
FN:188,(anonymous_29)
FN:194,(anonymous_30)
FN:199,(anonymous_31)
FN:211,(anonymous_32)
FN:212,(anonymous_33)
FN:235,(anonymous_34)
FN:235,(anonymous_35)
FN:266,(anonymous_36)
FN:266,(anonymous_37)
FN:290,(anonymous_38)
FN:290,(anonymous_39)
FN:316,(anonymous_40)
FN:316,(anonymous_41)
FN:325,(anonymous_42)
FN:333,(anonymous_43)
FN:339,(anonymous_44)
FN:339,(anonymous_45)
FN:358,(anonymous_46)
FN:358,(anonymous_47)
FN:382,(anonymous_48)
FN:395,(anonymous_49)
FN:395,(anonymous_50)
FN:405,(anonymous_51)
FN:405,(anonymous_52)
FN:413,(anonymous_53)
FN:425,(anonymous_54)
FN:431,(anonymous_55)
FN:431,(anonymous_56)
FN:462,(anonymous_57)
FN:462,(anonymous_58)
FN:484,(anonymous_59)
FN:495,(anonymous_60)
FN:500,(anonymous_61)
FN:506,(anonymous_62)
FN:511,(anonymous_63)
FNF:47
FNH:0
FNDA:0,(anonymous_17)
FNDA:0,(anonymous_18)
FNDA:0,(anonymous_19)
FNDA:0,(anonymous_20)
FNDA:0,(anonymous_21)
FNDA:0,(anonymous_22)
FNDA:0,(anonymous_23)
FNDA:0,(anonymous_24)
FNDA:0,(anonymous_25)
FNDA:0,(anonymous_26)
FNDA:0,(anonymous_27)
FNDA:0,(anonymous_28)
FNDA:0,(anonymous_29)
FNDA:0,(anonymous_30)
FNDA:0,(anonymous_31)
FNDA:0,(anonymous_32)
FNDA:0,(anonymous_33)
FNDA:0,(anonymous_34)
FNDA:0,(anonymous_35)
FNDA:0,(anonymous_36)
FNDA:0,(anonymous_37)
FNDA:0,(anonymous_38)
FNDA:0,(anonymous_39)
FNDA:0,(anonymous_40)
FNDA:0,(anonymous_41)
FNDA:0,(anonymous_42)
FNDA:0,(anonymous_43)
FNDA:0,(anonymous_44)
FNDA:0,(anonymous_45)
FNDA:0,(anonymous_46)
FNDA:0,(anonymous_47)
FNDA:0,(anonymous_48)
FNDA:0,(anonymous_49)
FNDA:0,(anonymous_50)
FNDA:0,(anonymous_51)
FNDA:0,(anonymous_52)
FNDA:0,(anonymous_53)
FNDA:0,(anonymous_54)
FNDA:0,(anonymous_55)
FNDA:0,(anonymous_56)
FNDA:0,(anonymous_57)
FNDA:0,(anonymous_58)
FNDA:0,(anonymous_59)
FNDA:0,(anonymous_60)
FNDA:0,(anonymous_61)
FNDA:0,(anonymous_62)
FNDA:0,(anonymous_63)
DA:2,0
DA:4,0
DA:5,0
DA:6,0
DA:7,0
DA:8,0
DA:10,0
DA:12,0
DA:14,0
DA:15,0
DA:16,0
DA:17,0
DA:28,0
DA:31,0
DA:32,0
DA:33,0
DA:34,0
DA:36,0
DA:40,0
DA:42,0
DA:43,0
DA:45,0
DA:46,0
DA:50,0
DA:51,0
DA:52,0
DA:53,0
DA:55,0
DA:56,0
DA:58,0
DA:59,0
DA:61,0
DA:62,0
DA:83,0
DA:86,0
DA:87,0
DA:91,0
DA:92,0
DA:93,0
DA:97,0
DA:100,0
DA:101,0
DA:102,0
DA:103,0
DA:104,0
DA:105,0
DA:108,0
DA:109,0
DA:110,0
DA:114,0
DA:115,0
DA:116,0
DA:131,0
DA:146,0
DA:147,0
DA:149,0
DA:150,0
DA:152,0
DA:153,0
DA:162,0
DA:170,0
DA:173,0
DA:180,0
DA:181,0
DA:182,0
DA:183,0
DA:187,0
DA:188,0
DA:189,0
DA:194,0
DA:195,0
DA:196,0
DA:199,0
DA:200,0
DA:201,0
DA:203,0
DA:206,0
DA:209,0
DA:211,0
DA:212,0
DA:214,0
DA:216,0
DA:219,0
DA:226,0
DA:235,0
DA:236,0
DA:237,0
DA:239,0
DA:241,0
DA:247,0
DA:249,0
DA:250,0
DA:252,0
DA:253,0
DA:255,0
DA:258,0
DA:261,0
DA:266,0
DA:267,0
DA:268,0
DA:269,0
DA:271,0
DA:273,0
DA:274,0
DA:276,0
DA:277,0
DA:279,0
DA:282,0
DA:285,0
DA:290,0
DA:291,0
DA:292,0
DA:293,0
DA:296,0
DA:297,0
DA:298,0
DA:299,0
DA:301,0
DA:306,0
DA:308,0
DA:311,0
DA:316,0
DA:317,0
DA:318,0
DA:319,0
DA:323,0
DA:324,0
DA:326,0
DA:333,0
DA:339,0
DA:340,0
DA:341,0
DA:351,0
DA:354,0
DA:358,0
DA:359,0
DA:361,0
DA:362,0
DA:363,0
DA:365,0
DA:367,0
DA:373,0
DA:382,0
DA:383,0
DA:385,0
DA:386,0
DA:389,0
DA:395,0
DA:396,0
DA:400,0
DA:405,0
DA:406,0
DA:407,0
DA:408,0
DA:412,0
DA:414,0
DA:425,0
DA:431,0
DA:432,0
DA:434,0
DA:435,0
DA:436,0
DA:437,0
DA:439,0
DA:440,0
DA:441,0
DA:442,0
DA:443,0
DA:445,0
DA:448,0
DA:462,0
DA:463,0
DA:465,0
DA:466,0
DA:473,0
DA:474,0
DA:475,0
DA:476,0
DA:479,0
DA:484,0
DA:485,0
DA:487,0
DA:495,0
DA:496,0
DA:500,0
DA:501,0
DA:502,0
DA:506,0
DA:507,0
DA:511,0
DA:513,0
DA:515,0
DA:517,0
DA:520,0
LF:194
LH:0
BRDA:34,0,0,0
BRDA:34,1,0,0
BRDA:34,1,1,0
BRDA:53,2,0,0
BRDA:92,3,0,0
BRDA:100,4,0,0
BRDA:100,4,1,0
BRDA:101,5,0,0
BRDA:101,5,1,0
BRDA:102,6,0,0
BRDA:102,6,1,0
BRDA:103,7,0,0
BRDA:103,7,1,0
BRDA:105,8,0,0
BRDA:105,8,1,0
BRDA:108,9,0,0
BRDA:108,10,0,0
BRDA:108,10,1,0
BRDA:115,11,0,0
BRDA:115,12,0,0
BRDA:115,12,1,0
BRDA:133,13,0,0
BRDA:133,13,1,0
BRDA:134,14,0,0
BRDA:134,14,1,0
BRDA:135,15,0,0
BRDA:135,15,1,0
BRDA:137,16,0,0
BRDA:137,16,1,0
BRDA:146,17,0,0
BRDA:146,17,1,0
BRDA:146,18,0,0
BRDA:146,18,1,0
BRDA:150,19,0,0
BRDA:150,19,1,0
BRDA:152,20,0,0
BRDA:152,21,0,0
BRDA:152,21,1,0
BRDA:163,22,0,0
BRDA:163,22,1,0
BRDA:164,23,0,0
BRDA:164,23,1,0
BRDA:165,24,0,0
BRDA:165,24,1,0
BRDA:182,25,0,0
BRDA:203,26,0,0
BRDA:203,27,0,0
BRDA:203,27,1,0
BRDA:206,28,0,0
BRDA:206,29,0,0
BRDA:206,29,1,0
BRDA:209,30,0,0
BRDA:214,31,0,0
BRDA:214,32,0,0
BRDA:214,32,1,0
BRDA:228,33,0,0
BRDA:228,33,1,0
BRDA:228,34,0,0
BRDA:228,34,1,0
BRDA:228,35,0,0
BRDA:228,35,1,0
BRDA:229,36,0,0
BRDA:229,36,1,0
BRDA:239,37,0,0
BRDA:239,37,1,0
BRDA:239,38,0,0
BRDA:239,38,1,0
BRDA:249,39,0,0
BRDA:249,39,1,0
BRDA:269,40,0,0
BRDA:269,40,1,0
BRDA:273,41,0,0
BRDA:273,41,1,0
BRDA:291,42,0,0
BRDA:291,43,0,0
BRDA:291,43,1,0
BRDA:298,44,0,0
BRDA:298,44,1,0
BRDA:317,45,0,0
BRDA:323,46,0,0
BRDA:359,47,0,0
BRDA:363,48,0,0
BRDA:363,48,1,0
BRDA:365,49,0,0
BRDA:365,49,1,0
BRDA:385,50,0,0
BRDA:406,51,0,0
BRDA:406,52,0,0
BRDA:406,52,1,0
BRDA:418,53,0,0
BRDA:418,53,1,0
BRDA:439,54,0,0
BRDA:439,54,1,0
BRDA:463,55,0,0
BRDA:473,56,0,0
BRDA:485,57,0,0
BRDA:501,58,0,0
BRF:97
BRH:0
end_of_record
TN:
SF:src/hooks/useBuilderToolbar/index.tsx
FN:20,(anonymous_7)
FN:26,(anonymous_8)
FN:31,(anonymous_9)
FN:31,(anonymous_10)
FN:52,(anonymous_11)
FN:57,(anonymous_12)
FN:64,(anonymous_13)
FN:65,(anonymous_14)
FN:66,(anonymous_15)
FNF:9
FNH:0
FNDA:0,(anonymous_7)
FNDA:0,(anonymous_8)
FNDA:0,(anonymous_9)
FNDA:0,(anonymous_10)
FNDA:0,(anonymous_11)
FNDA:0,(anonymous_12)
FNDA:0,(anonymous_13)
FNDA:0,(anonymous_14)
FNDA:0,(anonymous_15)
DA:2,0
DA:3,0
DA:5,0
DA:20,0
DA:21,0
DA:22,0
DA:23,0
DA:24,0
DA:26,0
DA:27,0
DA:28,0
DA:31,0
DA:32,0
DA:33,0
DA:34,0
DA:37,0
DA:38,0
DA:45,0
DA:46,0
DA:48,0
DA:52,0
DA:53,0
DA:54,0
DA:57,0
DA:58,0
DA:59,0
DA:60,0
DA:64,0
DA:65,0
DA:66,0
DA:68,0
LF:31
LH:0
BRDA:32,0,0,0
BRDA:58,1,0,0
BRF:2
BRH:0
end_of_record
TN:
SF:src/hooks/useItemEditor/index.tsx
FN:12,(anonymous_0)
FN:27,(anonymous_1)
FN:38,(anonymous_2)
FN:47,(anonymous_3)
FNF:4
FNH:0
FNDA:0,(anonymous_0)
FNDA:0,(anonymous_1)
FNDA:0,(anonymous_2)
FNDA:0,(anonymous_3)
DA:2,0
DA:4,0
DA:12,0
DA:14,0
DA:18,0
DA:26,0
DA:28,0
DA:29,0
DA:30,0
DA:37,0
DA:39,0
DA:40,0
DA:41,0
DA:47,0
DA:48,0
DA:50,0
DA:64,0
DA:71,0
DA:76,0
DA:91,0
DA:100,0
DA:104,0
LF:22
LH:0
BRDA:19,0,0,0
BRDA:19,0,1,0
BRDA:21,1,0,0
BRDA:21,1,1,0
BRDA:22,2,0,0
BRDA:22,2,1,0
BRDA:29,3,0,0
BRDA:48,4,0,0
BRDA:48,4,1,0
BRDA:48,4,2,0
BRDA:48,4,3,0
BRDA:48,4,4,0
BRDA:48,4,5,0
BRDA:72,5,0,0
BRDA:72,5,1,0
BRDA:78,6,0,0
BRDA:78,6,1,0
BRDA:93,7,0,0
BRDA:93,7,1,0
BRF:19
BRH:0
end_of_record
TN:
SF:src/hooks/useItemList/index.tsx
FN:13,(anonymous_0)
FN:28,(anonymous_1)
FN:33,(anonymous_2)
FN:38,(anonymous_3)
FN:43,(anonymous_4)
FNF:5
FNH:0
FNDA:0,(anonymous_0)
FNDA:0,(anonymous_1)
FNDA:0,(anonymous_2)
FNDA:0,(anonymous_3)
FNDA:0,(anonymous_4)
DA:2,0
DA:5,0
DA:13,0
DA:15,0
DA:16,0
DA:19,0
DA:28,0
DA:29,0
DA:30,0
DA:31,0
DA:33,0
DA:37,0
DA:38,0
DA:43,0
DA:46,0
DA:48,0
LF:16
LH:0
BRDA:15,0,0,0
BRDA:15,0,1,0
BRDA:16,1,0,0
BRDA:16,1,1,0
BRDA:29,2,0,0
BRDA:29,3,0,0
BRDA:29,3,1,0
BRDA:33,4,0,0
BRDA:33,4,1,0
BRDA:33,5,0,0
BRDA:33,5,1,0
BRDA:33,6,0,0
BRDA:33,6,1,0
BRDA:38,7,0,0
BRDA:38,7,1,0
BRDA:38,7,2,0
BRDA:38,8,0,0
BRDA:38,8,1,0
BRDA:38,9,0,0
BRDA:38,9,1,0
BRDA:39,10,0,0
BRDA:39,10,1,0
BRDA:39,11,0,0
BRDA:39,11,1,0
BRDA:39,12,0,0
BRDA:39,12,1,0
BRDA:39,13,0,0
BRDA:39,13,1,0
BRF:28
BRH:0
end_of_record
TN:
SF:src/hooks/useScreenConfig/useScreenConfig.ts
FN:40,(anonymous_0)
FN:48,(anonymous_1)
FN:55,(anonymous_2)
FN:61,(anonymous_3)
FN:69,(anonymous_4)
FN:75,(anonymous_5)
FN:80,(anonymous_6)
FN:110,(anonymous_7)
FN:113,(anonymous_8)
FN:133,(anonymous_9)
FN:136,(anonymous_10)
FN:154,(anonymous_11)
FN:157,(anonymous_12)
FN:184,(anonymous_13)
FN:187,(anonymous_14)
FN:219,(anonymous_15)
FN:222,(anonymous_16)
FN:225,(anonymous_17)
FN:256,(anonymous_18)
FN:259,(anonymous_19)
FN:265,(anonymous_20)
FN:284,(anonymous_21)
FN:287,(anonymous_22)
FN:290,(anonymous_23)
FN:347,(anonymous_24)
FNF:25
FNH:20
FNDA:61,(anonymous_0)
FNDA:14,(anonymous_1)
FNDA:9,(anonymous_2)
FNDA:17,(anonymous_3)
FNDA:57,(anonymous_4)
FNDA:42,(anonymous_5)
FNDA:8,(anonymous_6)
FNDA:3,(anonymous_7)
FNDA:3,(anonymous_8)
FNDA:2,(anonymous_9)
FNDA:4,(anonymous_10)
FNDA:0,(anonymous_11)
FNDA:0,(anonymous_12)
FNDA:17,(anonymous_13)
FNDA:30,(anonymous_14)
FNDA:3,(anonymous_15)
FNDA:4,(anonymous_16)
FNDA:3,(anonymous_17)
FNDA:2,(anonymous_18)
FNDA:3,(anonymous_19)
FNDA:6,(anonymous_20)
FNDA:0,(anonymous_21)
FNDA:0,(anonymous_22)
FNDA:0,(anonymous_23)
FNDA:7,(anonymous_24)
DA:2,2
DA:4,2
DA:40,2
DA:43,61
DA:44,61
DA:45,61
DA:48,61
DA:49,14
DA:50,0
DA:55,61
DA:56,9
DA:57,9
DA:61,61
DA:62,17
DA:63,17
DA:68,61
DA:69,57
DA:74,61
DA:75,42
DA:79,61
DA:81,8
DA:83,8
DA:96,8
DA:103,8
DA:109,61
DA:111,3
DA:113,3
DA:114,3
DA:116,3
DA:117,3
DA:122,3
DA:132,61
DA:134,2
DA:136,4
DA:138,2
DA:145,2
DA:146,1
DA:153,61
DA:155,0
DA:157,0
DA:158,0
DA:161,0
DA:162,0
DA:164,0
DA:165,0
DA:168,0
DA:173,0
DA:183,61
DA:185,17
DA:187,30
DA:188,17
DA:190,17
DA:199,17
DA:200,17
DA:205,17
DA:212,17
DA:218,61
DA:220,3
DA:222,4
DA:223,3
DA:225,3
DA:226,3
DA:228,3
DA:229,3
DA:231,3
DA:240,3
DA:245,3
DA:255,61
DA:257,2
DA:259,3
DA:260,2
DA:262,2
DA:263,2
DA:265,6
DA:268,2
DA:275,2
DA:276,0
DA:283,61
DA:285,0
DA:287,0
DA:288,0
DA:290,0
DA:291,0
DA:293,0
DA:294,0
DA:296,0
DA:298,0
DA:299,0
DA:301,0
DA:304,0
DA:306,0
DA:310,0
DA:313,0
DA:315,0
DA:317,0
DA:320,0
DA:323,0
DA:328,0
DA:334,0
DA:337,0
DA:347,61
DA:348,7
DA:349,6
DA:352,61
LF:104
LH:71
BRDA:41,0,0,61
BRDA:49,1,0,0
BRDA:68,2,0,30
BRDA:68,2,1,31
BRDA:68,3,0,61
BRDA:68,3,1,30
BRDA:69,4,0,30
BRDA:69,4,1,0
BRDA:74,5,0,22
BRDA:74,5,1,39
BRDA:74,6,0,61
BRDA:74,6,1,30
BRDA:75,7,0,22
BRDA:75,7,1,0
BRDA:80,8,0,0
BRDA:81,9,0,0
BRDA:111,10,0,0
BRDA:114,11,0,0
BRDA:134,12,0,0
BRDA:145,13,0,1
BRDA:155,14,0,0
BRDA:158,15,0,0
BRDA:161,16,0,0
BRDA:161,17,0,0
BRDA:161,17,1,0
BRDA:162,18,0,0
BRDA:162,19,0,0
BRDA:162,19,1,0
BRDA:164,20,0,0
BRDA:164,20,1,0
BRDA:184,21,0,0
BRDA:185,22,0,0
BRDA:188,23,0,0
BRDA:220,24,0,0
BRDA:223,25,0,0
BRDA:226,26,0,0
BRDA:236,27,0,3
BRDA:236,27,1,0
BRDA:257,28,0,0
BRDA:260,29,0,0
BRDA:275,30,0,0
BRDA:285,31,0,0
BRDA:288,32,0,0
BRDA:291,33,0,0
BRDA:296,34,0,0
BRDA:296,34,1,0
BRDA:296,35,0,0
BRDA:296,35,1,0
BRDA:298,36,0,0
BRDA:298,37,0,0
BRDA:298,37,1,0
BRDA:299,38,0,0
BRDA:299,39,0,0
BRDA:299,39,1,0
BRDA:301,40,0,0
BRDA:301,40,1,0
BRDA:310,41,0,0
BRDA:310,42,0,0
BRDA:310,42,1,0
BRDA:315,43,0,0
BRDA:315,43,1,0
BRDA:317,44,0,0
BRDA:317,45,0,0
BRDA:317,45,1,0
BRDA:348,46,0,1
BRF:65
BRH:14
end_of_record
TN:
SF:src/hooks/useSectionEditor/index.tsx
FN:19,(anonymous_0)
FN:38,(anonymous_1)
FN:44,(anonymous_2)
FN:48,(anonymous_3)
FN:52,(anonymous_4)
FN:57,(anonymous_5)
FN:64,(anonymous_6)
FN:70,(anonymous_7)
FN:71,(anonymous_8)
FN:84,(anonymous_9)
FN:103,(anonymous_10)
FNF:11
FNH:0
FNDA:0,(anonymous_0)
FNDA:0,(anonymous_1)
FNDA:0,(anonymous_2)
FNDA:0,(anonymous_3)
FNDA:0,(anonymous_4)
FNDA:0,(anonymous_5)
FNDA:0,(anonymous_6)
FNDA:0,(anonymous_7)
FNDA:0,(anonymous_8)
FNDA:0,(anonymous_9)
FNDA:0,(anonymous_10)
DA:3,0
DA:19,0
DA:27,0
DA:31,0
DA:38,0
DA:40,0
DA:41,0
DA:44,0
DA:45,0
DA:48,0
DA:49,0
DA:52,0
DA:53,0
DA:57,0
DA:58,0
DA:59,0
DA:64,0
DA:65,0
DA:67,0
DA:69,0
DA:70,0
DA:71,0
DA:73,0
DA:74,0
DA:75,0
DA:84,0
DA:85,0
DA:91,0
DA:92,0
DA:96,0
DA:99,0
DA:103,0
DA:104,0
DA:107,0
LF:34
LH:0
BRDA:32,0,0,0
BRDA:32,0,1,0
BRDA:34,1,0,0
BRDA:34,1,1,0
BRDA:35,2,0,0
BRDA:35,2,1,0
BRDA:58,3,0,0
BRDA:67,4,0,0
BRDA:69,5,0,0
BRDA:73,6,0,0
BRDA:73,7,0,0
BRDA:73,7,1,0
BRDA:86,8,0,0
BRDA:86,8,1,0
BRDA:86,9,0,0
BRDA:86,9,1,0
BRDA:86,10,0,0
BRDA:86,10,1,0
BRDA:87,11,0,0
BRDA:87,11,1,0
BRDA:87,12,0,0
BRDA:87,12,1,0
BRDA:87,13,0,0
BRDA:87,13,1,0
BRDA:91,14,0,0
BRDA:91,14,1,0
BRDA:91,15,0,0
BRDA:91,15,1,0
BRDA:91,16,0,0
BRDA:91,16,1,0
BRDA:91,17,0,0
BRDA:91,17,1,0
BRDA:91,18,0,0
BRDA:91,18,1,0
BRDA:91,19,0,0
BRDA:91,19,1,0
BRDA:93,20,0,0
BRDA:93,20,1,0
BRDA:94,21,0,0
BRDA:94,21,1,0
BRDA:96,22,0,0
BRDA:96,22,1,0
BRDA:96,23,0,0
BRDA:96,23,1,0
BRDA:96,24,0,0
BRDA:96,24,1,0
BRDA:104,25,0,0
BRDA:104,25,1,0
BRDA:104,26,0,0
BRDA:104,26,1,0
BRDA:104,27,0,0
BRDA:104,27,1,0
BRF:52
BRH:0
end_of_record
TN:
SF:src/pages/BuilderPage/index.tsx
FN:25,(anonymous_1)
FN:69,(anonymous_2)
FN:131,(anonymous_3)
FN:137,(anonymous_4)
FN:143,(anonymous_5)
FN:179,(anonymous_6)
FN:182,(anonymous_7)
FN:187,(anonymous_8)
FN:190,(anonymous_9)
FN:191,(anonymous_10)
FN:192,(anonymous_11)
FN:199,(anonymous_12)
FN:218,(anonymous_13)
FN:233,(anonymous_14)
FN:236,(anonymous_15)
FNF:15
FNH:0
FNDA:0,(anonymous_1)
FNDA:0,(anonymous_2)
FNDA:0,(anonymous_3)
FNDA:0,(anonymous_4)
FNDA:0,(anonymous_5)
FNDA:0,(anonymous_6)
FNDA:0,(anonymous_7)
FNDA:0,(anonymous_8)
FNDA:0,(anonymous_9)
FNDA:0,(anonymous_10)
FNDA:0,(anonymous_11)
FNDA:0,(anonymous_12)
FNDA:0,(anonymous_13)
FNDA:0,(anonymous_14)
FNDA:0,(anonymous_15)
DA:1,0
DA:2,0
DA:3,0
DA:4,0
DA:5,0
DA:6,0
DA:7,0
DA:8,0
DA:16,0
DA:21,0
DA:23,0
DA:25,0
DA:61,0
DA:64,0
DA:69,0
DA:71,0
DA:74,0
DA:78,0
DA:91,0
DA:131,0
DA:137,0
DA:143,0
DA:179,0
DA:183,0
DA:188,0
DA:190,0
DA:191,0
DA:193,0
DA:195,0
DA:196,0
DA:200,0
DA:202,0
DA:203,0
DA:218,0
DA:234,0
DA:237,0
DA:256,0
LF:37
LH:0
BRDA:95,0,0,0
BRDA:95,0,1,0
BRDA:95,1,0,0
BRDA:95,1,1,0
BRDA:95,2,0,0
BRDA:95,2,1,0
BRDA:108,3,0,0
BRDA:108,3,1,0
BRDA:108,4,0,0
BRDA:108,4,1,0
BRDA:109,5,0,0
BRDA:109,5,1,0
BRDA:109,6,0,0
BRDA:109,6,1,0
BRDA:113,7,0,0
BRDA:113,7,1,0
BRDA:122,8,0,0
BRDA:122,8,1,0
BRDA:130,9,0,0
BRDA:130,9,1,0
BRDA:136,10,0,0
BRDA:136,10,1,0
BRDA:142,11,0,0
BRDA:142,11,1,0
BRDA:152,12,0,0
BRDA:152,12,1,0
BRDA:164,13,0,0
BRDA:164,13,1,0
BRDA:168,14,0,0
BRDA:168,14,1,0
BRDA:179,15,0,0
BRDA:179,15,1,0
BRDA:179,16,0,0
BRDA:179,16,1,0
BRDA:179,17,0,0
BRDA:179,17,1,0
BRDA:182,18,0,0
BRDA:182,18,1,0
BRDA:182,19,0,0
BRDA:182,19,1,0
BRDA:195,20,0,0
BRDA:202,21,0,0
BRDA:213,22,0,0
BRDA:213,22,1,0
BRDA:213,22,2,0
BRDA:228,23,0,0
BRDA:228,23,1,0
BRDA:234,24,0,0
BRDA:234,24,1,0
BRDA:245,25,0,0
BRDA:245,25,1,0
BRF:51
BRH:0
end_of_record
TN:
SF:src/pages/HomePage/HomePage.tsx
FN:5,(anonymous_0)
FNF:1
FNH:0
FNDA:0,(anonymous_0)
DA:1,0
DA:3,0
DA:5,0
DA:6,0
DA:61,0
LF:5
LH:0
BRF:0
BRH:0
end_of_record
TN:
SF:src/pages/NotFoundPage/index.tsx
FN:5,(anonymous_0)
FNF:1
FNH:0
FNDA:0,(anonymous_0)
DA:1,0
DA:3,0
DA:5,0
DA:6,0
DA:24,0
LF:5
LH:0
BRF:0
BRH:0
end_of_record
TN:
SF:src/services/api/screenConfigApi.ts
FN:14,(anonymous_8)
FN:30,(anonymous_9)
FN:36,(anonymous_10)
FN:36,(anonymous_11)
FN:50,(anonymous_12)
FN:50,(anonymous_13)
FN:60,(anonymous_14)
FN:60,(anonymous_15)
FN:70,(anonymous_16)
FN:72,(anonymous_17)
FN:82,(anonymous_18)
FN:85,(anonymous_19)
FN:95,(anonymous_20)
FN:95,(anonymous_21)
FN:105,(anonymous_22)
FN:105,(anonymous_23)
FNF:16
FNH:16
FNDA:8,(anonymous_8)
FNDA:7,(anonymous_9)
FNDA:2,(anonymous_10)
FNDA:2,(anonymous_11)
FNDA:4,(anonymous_12)
FNDA:4,(anonymous_13)
FNDA:2,(anonymous_14)
FNDA:2,(anonymous_15)
FNDA:2,(anonymous_16)
FNDA:2,(anonymous_17)
FNDA:2,(anonymous_18)
FNDA:2,(anonymous_19)
FNDA:2,(anonymous_20)
FNDA:2,(anonymous_21)
FNDA:2,(anonymous_22)
FNDA:2,(anonymous_23)
DA:3,1
DA:14,1
DA:15,8
DA:16,6
DA:22,2
DA:30,7
DA:36,2
DA:37,2
DA:38,2
DA:39,1
DA:45,1
DA:50,4
DA:51,4
DA:52,4
DA:53,3
DA:55,1
DA:60,2
DA:61,2
DA:62,2
DA:63,1
DA:65,1
DA:70,1
DA:72,2
DA:73,2
DA:74,2
DA:75,1
DA:77,1
DA:82,1
DA:85,2
DA:86,2
DA:87,2
DA:88,1
DA:90,1
DA:95,2
DA:96,2
DA:97,2
DA:98,1
DA:100,1
DA:105,2
DA:106,2
DA:107,2
DA:108,1
DA:110,1
LF:43
LH:43
BRDA:15,0,0,6
BRDA:15,0,1,2
BRDA:24,1,0,2
BRDA:24,1,1,1
BRF:4
BRH:4
end_of_record
TN:
SF:src/utils/consts.ts
FNF:0
FNH:0
DA:4,0
DA:15,0
DA:26,0
DA:56,0
DA:59,0
DA:91,0
DA:100,0
LF:7
LH:0
BRF:0
BRH:0
end_of_record
TN:
SF:src/utils/paths.ts
FNF:0
FNH:0
DA:1,0
LF:1
LH:0
BRF:0
BRH:0
end_of_record
TN:
SF:src/utils/styles.ts
FN:4,(anonymous_0)
FNF:1
FNH:0
FNDA:0,(anonymous_0)
DA:1,0
DA:4,0
DA:5,0
LF:3
LH:0
BRF:0
BRH:0
end_of_record
